#
# A fatal error has been detected by the Java Runtime Environment:
#
#  EXCEPTION_ACCESS_VIOLATION (0xc0000005) at pc=0x00007ff873310706, pid=15276, tid=9144
#
# JRE version: OpenJDK Runtime Environment Temurin-17.0.5+8 (17.0.5+8) (build 17.0.5+8)
# Java VM: OpenJDK 64-Bit Server VM Temurin-17.0.5+8 (17.0.5+8, mixed mode, sharing, tiered, compressed oops, compressed class ptrs, g1 gc, windows-amd64)
# Problematic frame:
# V  [jvm.dll+0x1d0706]
#
# No core dump will be written. Minidumps are not enabled by default on client versions of Windows
#
# If you would like to submit a bug report, please visit:
#   https://github.com/adoptium/adoptium-support/issues
#

---------------  S U M M A R Y ------------

Command Line: -Dfile.encoding=UTF-8 -Duser.country=US -Duser.language=en -Duser.variant net.md_5.specialsource.SpecialSource --in-jar C:\Users\nekoz\MCreatorWorkspaces\enemyexpansion\build\libs\modid-1.0.jar --out-jar C:\Users\nekoz\MCreatorWorkspaces\enemyexpansion\build\reobfJar\output.jar --srg-in C:\Users\nekoz\MCreatorWorkspaces\enemyexpansion\build\createMcpToSrg\output.tsrg --live

Host: AMD Ryzen 7 1700 Eight-Core Processor          , 16 cores, 15G,  Windows 10 , 64 bit Build 19041 (10.0.19041.3570)
Time: Wed Nov  1 17:58:28 2023 GMT Standard Time elapsed time: 1.380126 seconds (0d 0h 0m 1s)

---------------  T H R E A D  ---------------

Current thread (0x000001c0b3e80330):  JavaThread "C2 CompilerThread4" daemon [_thread_in_vm, id=9144, stack(0x0000005186a00000,0x0000005186b00000)]


Current CompileTask:
C2:   1380 1782       4       net.md_5.specialsource.JarRemapper::mapMethodName (58 bytes)

Stack: [0x0000005186a00000,0x0000005186b00000],  sp=0x0000005186afd7a0,  free space=1013k
Native frames: (J=compiled Java code, j=interpreted, Vv=VM code, C=native code)
V  [jvm.dll+0x1d0706]
V  [jvm.dll+0x1d1479]
V  [jvm.dll+0x1cc01f]
V  [jvm.dll+0x21667c]
V  [jvm.dll+0x1a343d]
V  [jvm.dll+0x22698a]
V  [jvm.dll+0x224ac5]
V  [jvm.dll+0x7e727b]
V  [jvm.dll+0x7e17ea]
V  [jvm.dll+0x6759e5]
C  [ucrtbase.dll+0x21bb2]
C  [KERNEL32.DLL+0x17344]
C  [ntdll.dll+0x526b1]


siginfo: EXCEPTION_ACCESS_VIOLATION (0xc0000005), reading address 0x000001c06ddc1dc8


Register to memory mapping:

RIP=0x00007ff873310706 jvm.dll
RAX=0x00000000b6df91b7 is an unknown value
RBX=0x0000000000000148 is an unknown value
RCX=0x000001c0b6df8600 points into unknown readable memory: 0x00007ff873a6ec20 | 20 ec a6 73 f8 7f 00 00
RDX=0x000001c06ddc1dc8 is an unknown value
RSP=0x0000005186afd7a0 is pointing into the stack for thread: 0x000001c0b3e80330
RBP=0x000001c0b3e1bb20 points into unknown readable memory: 0x0000000000000006 | 06 00 00 00 00 00 00 00
RSI=0x000001c0b6df8600 points into unknown readable memory: 0x00007ff873a6ec20 | 20 ec a6 73 f8 7f 00 00
RDI=0x000001c0b4523b70 is pointing into metadata
R8 =0x0000000000000004 is an unknown value
R9 =0x000001c0b3cf31d0 points into unknown readable memory: 0x00007ff873a6e0d0 | d0 e0 a6 73 f8 7f 00 00
R10=0x0000000000000001 is an unknown value
R11={method} {0x000001c0b4446ee0} 'mapMethodName' '(Ljava/lang/String;Ljava/lang/String;Ljava/lang/String;I)Ljava/lang/String;' in 'net/md_5/specialsource/JarRemapper'
R12=0x000001c0b3cf3070 points into unknown readable memory: 0x0000000000000000 | 00 00 00 00 00 00 00 00
R13=0x000001c0b3cf30b0 points into unknown readable memory: 0x00007ff873a6e540 | 40 e5 a6 73 f8 7f 00 00
R14=0x000001c0b3cf3190 points into unknown readable memory: 0x00007ff873a6e860 | 60 e8 a6 73 f8 7f 00 00
R15=0x000001c0b3cf31d0 points into unknown readable memory: 0x00007ff873a6e0d0 | d0 e0 a6 73 f8 7f 00 00


Registers:
RAX=0x00000000b6df91b7, RBX=0x0000000000000148, RCX=0x000001c0b6df8600, RDX=0x000001c06ddc1dc8
RSP=0x0000005186afd7a0, RBP=0x000001c0b3e1bb20, RSI=0x000001c0b6df8600, RDI=0x000001c0b4523b70
R8 =0x0000000000000004, R9 =0x000001c0b3cf31d0, R10=0x0000000000000001, R11=0x000001c0b4446ed8
R12=0x000001c0b3cf3070, R13=0x000001c0b3cf30b0, R14=0x000001c0b3cf3190, R15=0x000001c0b3cf31d0
RIP=0x00007ff873310706, EFLAGS=0x0000000000010206

Top of Stack: (sp=0x0000005186afd7a0)
0x0000005186afd7a0:   000001c0b3e1bb20 000001c0b3cf30b0
0x0000005186afd7b0:   000001c0b3cf3190 000001c0b6df8600
0x0000005186afd7c0:   0000000000000148 00007ff873311479
0x0000005186afd7d0:   0000000000000128 000001c0b6df8600
0x0000005186afd7e0:   000001c0b3cf3150 000001c0b3bf9920
0x0000005186afd7f0:   000001c0b6df8401 0000005186afe950
0x0000005186afd800:   000001c0b3bf9920 0000000000000000
0x0000005186afd810:   0000000000000050 000001c0b6df84a0
0x0000005186afd820:   000001c0b3e0fcb0 00007ff87330c01f
0x0000005186afd830:   000001c0b3cf3458 00000000000003d8
0x0000005186afd840:   000001c0b3e80330 0000000000000000
0x0000005186afd850:   0000000000000006 00007ff8731eb89e
0x0000005186afd860:   000001c0b4446ed8 000001c0b3e80330
0x0000005186afd870:   0000005186afe950 0000000000000002
0x0000005186afd880:   0000000000000001 00007ff87335667c
0x0000005186afd890:   0000005186afea88 000001c0b4446ed8 

Instructions: (pc=0x00007ff873310706)
0x00007ff873310606:   38 03 00 00 06 00 00 00 45 33 f6 48 8b 46 10 48
0x00007ff873310616:   85 c0 74 69 48 8b ce 48 89 6c 24 30 4c 89 b0 c0
0x00007ff873310626:   00 00 00 4c 89 b0 b8 00 00 00 4c 89 b0 b0 00 00
0x00007ff873310636:   00 4c 89 b0 a8 00 00 00 e8 ad fa ff ff 48 85 c0
0x00007ff873310646:   75 05 41 8b c6 eb 07 48 8b 40 08 8b 40 08 48 63
0x00007ff873310656:   e8 85 c0 7e 23 49 8b de 66 90 48 8b ce e8 88 fa
0x00007ff873310666:   ff ff 48 85 c0 74 09 48 8b 40 08 4c 89 74 d8 10
0x00007ff873310676:   48 ff c3 48 3b dd 7c e2 48 8b 6c 24 30 4c 89 76
0x00007ff873310686:   48 4c 89 76 40 4c 89 76 38 4c 89 76 30 48 8b 9f
0x00007ff873310696:   e8 00 00 00 4c 8b 74 24 40 48 8b 74 24 38 48 8b
0x00007ff8733106a6:   4b 10 48 83 39 00 74 0c 48 8b cb e8 2a 9c 17 00
0x00007ff8733106b6:   48 8b 4b 10 48 8b 43 08 48 89 48 10 48 8b 4b 08
0x00007ff8733106c6:   48 8b 43 18 48 89 41 18 48 8b 4b 08 48 8b 43 20
0x00007ff8733106d6:   48 89 41 20 48 8d 8f 88 02 00 00 e8 2a 8a 0f 00
0x00007ff8733106e6:   48 8b 5c 24 48 c7 87 38 03 00 00 04 00 00 00 48
0x00007ff8733106f6:   83 c4 20 5f c3 cc cc cc cc cc 40 53 48 83 ec 20
0x00007ff873310706:   0f b6 02 48 8b da ff c8 83 f8 0b 0f 87 bd 02 00
0x00007ff873310716:   00 48 8d 15 e2 f8 e2 ff 48 98 8b 8c 82 f4 09 1d
0x00007ff873310726:   00 48 03 ca ff e1 33 d2 8d 4a 10 e8 1a c3 4f 00
0x00007ff873310736:   48 85 c0 0f 84 ab 02 00 00 48 8d 0d 5a dd 75 00
0x00007ff873310746:   48 89 58 08 48 89 08 48 83 c4 20 5b c3 33 d2 8d
0x00007ff873310756:   4a 10 e8 f3 c2 4f 00 48 85 c0 0f 84 84 02 00 00
0x00007ff873310766:   48 8d 0d d3 dd 75 00 48 89 58 08 48 89 08 48 83
0x00007ff873310776:   c4 20 5b c3 33 d2 8d 4a 10 e8 cc c2 4f 00 48 85
0x00007ff873310786:   c0 0f 84 5d 02 00 00 48 8d 0d 4c de 75 00 48 89
0x00007ff873310796:   58 08 48 89 08 48 83 c4 20 5b c3 33 d2 8d 4a 10
0x00007ff8733107a6:   e8 a5 c2 4f 00 48 85 c0 0f 84 36 02 00 00 48 8d
0x00007ff8733107b6:   0d 65 df 75 00 48 89 58 08 48 89 08 48 83 c4 20
0x00007ff8733107c6:   5b c3 33 d2 8d 4a 10 e8 7e c2 4f 00 48 85 c0 0f
0x00007ff8733107d6:   84 0f 02 00 00 48 8d 0d de df 75 00 48 89 58 08
0x00007ff8733107e6:   48 89 08 48 83 c4 20 5b c3 33 d2 8d 4a 10 e8 57
0x00007ff8733107f6:   c2 4f 00 48 85 c0 0f 84 e8 01 00 00 48 8d 0d f7 


Stack slot to memory mapping:
stack at sp + 0 slots: 0x000001c0b3e1bb20 points into unknown readable memory: 0x0000000000000006 | 06 00 00 00 00 00 00 00
stack at sp + 1 slots: 0x000001c0b3cf30b0 points into unknown readable memory: 0x00007ff873a6e540 | 40 e5 a6 73 f8 7f 00 00
stack at sp + 2 slots: 0x000001c0b3cf3190 points into unknown readable memory: 0x00007ff873a6e860 | 60 e8 a6 73 f8 7f 00 00
stack at sp + 3 slots: 0x000001c0b6df8600 points into unknown readable memory: 0x00007ff873a6ec20 | 20 ec a6 73 f8 7f 00 00
stack at sp + 4 slots: 0x0000000000000148 is an unknown value
stack at sp + 5 slots: 0x00007ff873311479 jvm.dll
stack at sp + 6 slots: 0x0000000000000128 is an unknown value
stack at sp + 7 slots: 0x000001c0b6df8600 points into unknown readable memory: 0x00007ff873a6ec20 | 20 ec a6 73 f8 7f 00 00


---------------  P R O C E S S  ---------------

Threads class SMR info:
_java_thread_list=0x000001c0b5fe6e20, length=21, elements={
0x000001c090158c60, 0x000001c0b3c031f0, 0x000001c0b3c03f70, 0x000001c0b3c142f0,
0x000001c0b3c15dc0, 0x000001c0b3c18690, 0x000001c0b3c18f50, 0x000001c0b3c1c480,
0x000001c0b3c1ce30, 0x000001c0b3c5e0c0, 0x000001c0b3d64490, 0x000001c0b3d81a20,
0x000001c0b3d90960, 0x000001c0b3e138b0, 0x000001c0b3e13dc0, 0x000001c0b3e44ab0,
0x000001c0b3e80330, 0x000001c0b52667e0, 0x000001c0b4bce780, 0x000001c0b68f42a0,
0x000001c0b61ce640
}

Java Threads: ( => current thread )
  0x000001c090158c60 JavaThread "main" [_thread_in_native, id=22068, stack(0x0000005185300000,0x0000005185400000)]
  0x000001c0b3c031f0 JavaThread "Reference Handler" daemon [_thread_blocked, id=12884, stack(0x0000005185a00000,0x0000005185b00000)]
  0x000001c0b3c03f70 JavaThread "Finalizer" daemon [_thread_blocked, id=24604, stack(0x0000005185b00000,0x0000005185c00000)]
  0x000001c0b3c142f0 JavaThread "Signal Dispatcher" daemon [_thread_blocked, id=14856, stack(0x0000005185c00000,0x0000005185d00000)]
  0x000001c0b3c15dc0 JavaThread "Attach Listener" daemon [_thread_blocked, id=8, stack(0x0000005185d00000,0x0000005185e00000)]
  0x000001c0b3c18690 JavaThread "Service Thread" daemon [_thread_blocked, id=5004, stack(0x0000005185e00000,0x0000005185f00000)]
  0x000001c0b3c18f50 JavaThread "Monitor Deflation Thread" daemon [_thread_blocked, id=11864, stack(0x0000005185f00000,0x0000005186000000)]
  0x000001c0b3c1c480 JavaThread "C2 CompilerThread0" daemon [_thread_in_native, id=4716, stack(0x0000005186000000,0x0000005186100000)]
  0x000001c0b3c1ce30 JavaThread "C1 CompilerThread0" daemon [_thread_blocked, id=15032, stack(0x0000005186100000,0x0000005186200000)]
  0x000001c0b3c5e0c0 JavaThread "Sweeper thread" daemon [_thread_blocked, id=23028, stack(0x0000005186200000,0x0000005186300000)]
  0x000001c0b3d64490 JavaThread "C1 CompilerThread1" daemon [_thread_blocked, id=24768, stack(0x0000005186300000,0x0000005186400000)]
  0x000001c0b3d81a20 JavaThread "Notification Thread" daemon [_thread_blocked, id=14660, stack(0x0000005186400000,0x0000005186500000)]
  0x000001c0b3d90960 JavaThread "Common-Cleaner" daemon [_thread_blocked, id=2128, stack(0x0000005186600000,0x0000005186700000)]
  0x000001c0b3e138b0 JavaThread "C2 CompilerThread1" daemon [_thread_in_native, id=11388, stack(0x0000005186700000,0x0000005186800000)]
  0x000001c0b3e13dc0 JavaThread "C2 CompilerThread2" daemon [_thread_in_native, id=16280, stack(0x0000005186800000,0x0000005186900000)]
  0x000001c0b3e44ab0 JavaThread "C2 CompilerThread3" daemon [_thread_in_native, id=4384, stack(0x0000005186900000,0x0000005186a00000)]
=>0x000001c0b3e80330 JavaThread "C2 CompilerThread4" daemon [_thread_in_vm, id=9144, stack(0x0000005186a00000,0x0000005186b00000)]
  0x000001c0b52667e0 JavaThread "C1 CompilerThread2" daemon [_thread_blocked, id=16536, stack(0x0000005187000000,0x0000005187100000)]
  0x000001c0b4bce780 JavaThread "C1 CompilerThread3" daemon [_thread_blocked, id=5288, stack(0x0000005187100000,0x0000005187200000)]
  0x000001c0b68f42a0 JavaThread "C2 CompilerThread5" daemon [_thread_in_vm, id=7004, stack(0x0000005187200000,0x0000005187300000)]
  0x000001c0b61ce640 JavaThread "C2 CompilerThread6" daemon [_thread_in_native, id=15868, stack(0x0000005187300000,0x0000005187400000)]

Other Threads:
  0x000001c0b3bfe6e0 VMThread "VM Thread" [stack: 0x0000005185900000,0x0000005185a00000] [id=12576]
  0x000001c0b3d82700 WatcherThread [stack: 0x0000005186500000,0x0000005186600000] [id=11340]
  0x000001c0901c4e80 GCTaskThread "GC Thread#0" [stack: 0x0000005185400000,0x0000005185500000] [id=13692]
  0x000001c0b3f260f0 GCTaskThread "GC Thread#1" [stack: 0x0000005186b00000,0x0000005186c00000] [id=17756]
  0x000001c0b4946880 GCTaskThread "GC Thread#2" [stack: 0x0000005186c00000,0x0000005186d00000] [id=25268]
  0x000001c0b4947140 GCTaskThread "GC Thread#3" [stack: 0x0000005186d00000,0x0000005186e00000] [id=19484]
  0x000001c0b4947800 GCTaskThread "GC Thread#4" [stack: 0x0000005186e00000,0x0000005186f00000] [id=15116]
  0x000001c0b3f92fa0 GCTaskThread "GC Thread#5" [stack: 0x0000005186f00000,0x0000005187000000] [id=10784]
  0x000001c0b8d94230 GCTaskThread "GC Thread#6" [stack: 0x0000005187400000,0x0000005187500000] [id=2716]
  0x000001c0901d6be0 ConcurrentGCThread "G1 Main Marker" [stack: 0x0000005185500000,0x0000005185600000] [id=13204]
  0x000001c0901d7ca0 ConcurrentGCThread "G1 Conc#0" [stack: 0x0000005185600000,0x0000005185700000] [id=21640]
  0x000001c0b3674e30 ConcurrentGCThread "G1 Refine#0" [stack: 0x0000005185700000,0x0000005185800000] [id=13704]
  0x000001c0b8593880 ConcurrentGCThread "G1 Refine#1" [stack: 0x0000005187500000,0x0000005187600000] [id=16624]
  0x000001c0b6ba7520 ConcurrentGCThread "G1 Refine#2" [stack: 0x0000005187600000,0x0000005187700000] [id=15072]
  0x000001c0b751f080 ConcurrentGCThread "G1 Refine#3" [stack: 0x0000005187700000,0x0000005187800000] [id=12308]
  0x000001c0b3675760 ConcurrentGCThread "G1 Service" [stack: 0x0000005185800000,0x0000005185900000] [id=13652]

Threads with active compile tasks:
C2 CompilerThread0     1462 1725       4       org.objectweb.asm.tree.MethodNode::visitFrame (47 bytes)
C2 CompilerThread1     1462 1780       4       net.md_5.specialsource.UnsortedRemappingMethodAdapter::visitMethodInsn (39 bytes)
C2 CompilerThread2     1462 1613       4       net.md_5.specialsource.RepoRemapper::findAccess (218 bytes)
C2 CompilerThread3     1463 1774       4       org.objectweb.asm.ClassReader::readCode (5109 bytes)
C2 CompilerThread4     1463 1782       4       net.md_5.specialsource.JarRemapper::mapMethodName (58 bytes)
C2 CompilerThread5     1463 1793       4       net.md_5.specialsource.RepoRemapper::mapMethodName (13 bytes)
C2 CompilerThread6     1463 1783       4       org.objectweb.asm.tree.MethodInsnNode::accept (30 bytes)

VM state: not at safepoint (normal execution)

VM Mutex/Monitor currently owned by a thread: None

Heap address: 0x0000000701000000, size: 4080 MB, Compressed Oops mode: Zero based, Oop shift amount: 3

CDS archive(s) mapped at: [0x0000000800000000-0x0000000800bc0000-0x0000000800bc0000), size 12320768, SharedBaseAddress: 0x0000000800000000, ArchiveRelocationMode: 0.
Compressed class space mapped at: 0x0000000800c00000-0x0000000840c00000, reserved size: 1073741824
Narrow klass base: 0x0000000800000000, Narrow klass shift: 0, Narrow klass range: 0x100000000

GC Precious Log:
 CPUs: 16 total, 16 available
 Memory: 16314M
 Large Page Support: Disabled
 NUMA Support: Disabled
 Compressed Oops: Enabled (Zero based)
 Heap Region Size: 2M
 Heap Min Capacity: 8M
 Heap Initial Capacity: 256M
 Heap Max Capacity: 4080M
 Pre-touch: Disabled
 Parallel Workers: 13
 Concurrent Workers: 3
 Concurrent Refinement Workers: 13
 Periodic GC: Disabled

Heap:
 garbage-first heap   total 456704K, used 117094K [0x0000000701000000, 0x0000000800000000)
  region size 2048K, 37 young (75776K), 8 survivors (16384K)
 Metaspace       used 4131K, committed 4352K, reserved 1056768K
  class space    used 337K, committed 448K, reserved 1048576K

Heap Regions: E=young(eden), S=young(survivor), O=old, HS=humongous(starts), HC=humongous(continues), CS=collection set, F=free, OA=open archive, CA=closed archive, TAMS=top-at-mark-start (previous, next)
|   0|0x0000000701000000, 0x0000000701200000, 0x0000000701200000|100%| O|  |TAMS 0x0000000701000000, 0x0000000701000000| Untracked 
|   1|0x0000000701200000, 0x0000000701400000, 0x0000000701400000|100%| O|  |TAMS 0x0000000701200000, 0x0000000701200000| Untracked 
|   2|0x0000000701400000, 0x0000000701600000, 0x0000000701600000|100%| O|  |TAMS 0x0000000701400000, 0x0000000701400000| Untracked 
|   3|0x0000000701600000, 0x0000000701800000, 0x0000000701800000|100%| O|  |TAMS 0x0000000701600000, 0x0000000701600000| Untracked 
|   4|0x0000000701800000, 0x0000000701a00000, 0x0000000701a00000|100%| O|  |TAMS 0x0000000701800000, 0x0000000701800000| Untracked 
|   5|0x0000000701a00000, 0x0000000701c00000, 0x0000000701c00000|100%| O|  |TAMS 0x0000000701a00000, 0x0000000701a00000| Untracked 
|   6|0x0000000701c00000, 0x0000000701e00000, 0x0000000701e00000|100%| O|  |TAMS 0x0000000701c00000, 0x0000000701c00000| Untracked 
|   7|0x0000000701e00000, 0x0000000702000000, 0x0000000702000000|100%| O|  |TAMS 0x0000000701e00000, 0x0000000701e00000| Untracked 
|   8|0x0000000702000000, 0x0000000702200000, 0x0000000702200000|100%| O|  |TAMS 0x0000000702000000, 0x0000000702000000| Untracked 
|   9|0x0000000702200000, 0x0000000702400000, 0x0000000702400000|100%| O|  |TAMS 0x0000000702200000, 0x0000000702200000| Untracked 
|  10|0x0000000702400000, 0x0000000702600000, 0x0000000702600000|100%| O|  |TAMS 0x0000000702400000, 0x0000000702400000| Untracked 
|  11|0x0000000702600000, 0x0000000702800000, 0x0000000702800000|100%| O|  |TAMS 0x0000000702600000, 0x0000000702600000| Untracked 
|  12|0x0000000702800000, 0x0000000702a00000, 0x0000000702a00000|100%| O|  |TAMS 0x0000000702800000, 0x0000000702800000| Untracked 
|  13|0x0000000702a00000, 0x0000000702c00000, 0x0000000702c00000|100%|HS|  |TAMS 0x0000000702a00000, 0x0000000702a00000| Complete 
|  14|0x0000000702c00000, 0x0000000702c00000, 0x0000000702e00000|  0%| F|  |TAMS 0x0000000702c00000, 0x0000000702c00000| Untracked 
|  15|0x0000000702e00000, 0x0000000703000000, 0x0000000703000000|100%|HS|  |TAMS 0x0000000702e00000, 0x0000000702e00000| Complete 
|  16|0x0000000703000000, 0x0000000703200000, 0x0000000703200000|100%| O|  |TAMS 0x0000000703000000, 0x0000000703000000| Untracked 
|  17|0x0000000703200000, 0x0000000703400000, 0x0000000703400000|100%| O|  |TAMS 0x0000000703200000, 0x0000000703200000| Untracked 
|  18|0x0000000703400000, 0x0000000703600000, 0x0000000703600000|100%| O|  |TAMS 0x0000000703400000, 0x0000000703400000| Untracked 
|  19|0x0000000703600000, 0x0000000703800000, 0x0000000703800000|100%| O|  |TAMS 0x0000000703600000, 0x0000000703600000| Untracked 
|  20|0x0000000703800000, 0x0000000703a00000, 0x0000000703a00000|100%| O|  |TAMS 0x0000000703800000, 0x0000000703800000| Untracked 
|  21|0x0000000703a00000, 0x0000000703c00000, 0x0000000703c00000|100%| O|  |TAMS 0x0000000703a00000, 0x0000000703a00000| Untracked 
|  22|0x0000000703c00000, 0x0000000703c59800, 0x0000000703e00000| 17%| O|  |TAMS 0x0000000703c00000, 0x0000000703c00000| Untracked 
|  23|0x0000000703e00000, 0x0000000703e00000, 0x0000000704000000|  0%| F|  |TAMS 0x0000000703e00000, 0x0000000703e00000| Untracked 
|  24|0x0000000704000000, 0x0000000704000000, 0x0000000704200000|  0%| F|  |TAMS 0x0000000704000000, 0x0000000704000000| Untracked 
|  25|0x0000000704200000, 0x0000000704200000, 0x0000000704400000|  0%| F|  |TAMS 0x0000000704200000, 0x0000000704200000| Untracked 
|  26|0x0000000704400000, 0x0000000704400000, 0x0000000704600000|  0%| F|  |TAMS 0x0000000704400000, 0x0000000704400000| Untracked 
|  27|0x0000000704600000, 0x0000000704600000, 0x0000000704800000|  0%| F|  |TAMS 0x0000000704600000, 0x0000000704600000| Untracked 
|  28|0x0000000704800000, 0x0000000704800000, 0x0000000704a00000|  0%| F|  |TAMS 0x0000000704800000, 0x0000000704800000| Untracked 
|  29|0x0000000704a00000, 0x0000000704a00000, 0x0000000704c00000|  0%| F|  |TAMS 0x0000000704a00000, 0x0000000704a00000| Untracked 
|  30|0x0000000704c00000, 0x0000000704c00000, 0x0000000704e00000|  0%| F|  |TAMS 0x0000000704c00000, 0x0000000704c00000| Untracked 
|  31|0x0000000704e00000, 0x0000000704e00000, 0x0000000705000000|  0%| F|  |TAMS 0x0000000704e00000, 0x0000000704e00000| Untracked 
|  32|0x0000000705000000, 0x0000000705000000, 0x0000000705200000|  0%| F|  |TAMS 0x0000000705000000, 0x0000000705000000| Untracked 
|  33|0x0000000705200000, 0x0000000705200000, 0x0000000705400000|  0%| F|  |TAMS 0x0000000705200000, 0x0000000705200000| Untracked 
|  34|0x0000000705400000, 0x0000000705400000, 0x0000000705600000|  0%| F|  |TAMS 0x0000000705400000, 0x0000000705400000| Untracked 
|  35|0x0000000705600000, 0x0000000705600000, 0x0000000705800000|  0%| F|  |TAMS 0x0000000705600000, 0x0000000705600000| Untracked 
|  36|0x0000000705800000, 0x0000000705800000, 0x0000000705a00000|  0%| F|  |TAMS 0x0000000705800000, 0x0000000705800000| Untracked 
|  37|0x0000000705a00000, 0x0000000705a00000, 0x0000000705c00000|  0%| F|  |TAMS 0x0000000705a00000, 0x0000000705a00000| Untracked 
|  38|0x0000000705c00000, 0x0000000705c00000, 0x0000000705e00000|  0%| F|  |TAMS 0x0000000705c00000, 0x0000000705c00000| Untracked 
|  39|0x0000000705e00000, 0x0000000705e00000, 0x0000000706000000|  0%| F|  |TAMS 0x0000000705e00000, 0x0000000705e00000| Untracked 
|  40|0x0000000706000000, 0x0000000706000000, 0x0000000706200000|  0%| F|  |TAMS 0x0000000706000000, 0x0000000706000000| Untracked 
|  41|0x0000000706200000, 0x0000000706200000, 0x0000000706400000|  0%| F|  |TAMS 0x0000000706200000, 0x0000000706200000| Untracked 
|  42|0x0000000706400000, 0x0000000706400000, 0x0000000706600000|  0%| F|  |TAMS 0x0000000706400000, 0x0000000706400000| Untracked 
|  43|0x0000000706600000, 0x0000000706600000, 0x0000000706800000|  0%| F|  |TAMS 0x0000000706600000, 0x0000000706600000| Untracked 
|  44|0x0000000706800000, 0x0000000706800000, 0x0000000706a00000|  0%| F|  |TAMS 0x0000000706800000, 0x0000000706800000| Untracked 
|  45|0x0000000706a00000, 0x0000000706a00000, 0x0000000706c00000|  0%| F|  |TAMS 0x0000000706a00000, 0x0000000706a00000| Untracked 
|  46|0x0000000706c00000, 0x0000000706c00000, 0x0000000706e00000|  0%| F|  |TAMS 0x0000000706c00000, 0x0000000706c00000| Untracked 
|  47|0x0000000706e00000, 0x0000000706e00000, 0x0000000707000000|  0%| F|  |TAMS 0x0000000706e00000, 0x0000000706e00000| Untracked 
|  48|0x0000000707000000, 0x0000000707000000, 0x0000000707200000|  0%| F|  |TAMS 0x0000000707000000, 0x0000000707000000| Untracked 
|  49|0x0000000707200000, 0x0000000707200000, 0x0000000707400000|  0%| F|  |TAMS 0x0000000707200000, 0x0000000707200000| Untracked 
|  50|0x0000000707400000, 0x0000000707400000, 0x0000000707600000|  0%| F|  |TAMS 0x0000000707400000, 0x0000000707400000| Untracked 
|  51|0x0000000707600000, 0x0000000707600000, 0x0000000707800000|  0%| F|  |TAMS 0x0000000707600000, 0x0000000707600000| Untracked 
|  52|0x0000000707800000, 0x0000000707800000, 0x0000000707a00000|  0%| F|  |TAMS 0x0000000707800000, 0x0000000707800000| Untracked 
|  53|0x0000000707a00000, 0x0000000707a00000, 0x0000000707c00000|  0%| F|  |TAMS 0x0000000707a00000, 0x0000000707a00000| Untracked 
|  54|0x0000000707c00000, 0x0000000707c00000, 0x0000000707e00000|  0%| F|  |TAMS 0x0000000707c00000, 0x0000000707c00000| Untracked 
|  55|0x0000000707e00000, 0x0000000707e00000, 0x0000000708000000|  0%| F|  |TAMS 0x0000000707e00000, 0x0000000707e00000| Untracked 
|  56|0x0000000708000000, 0x0000000708000000, 0x0000000708200000|  0%| F|  |TAMS 0x0000000708000000, 0x0000000708000000| Untracked 
|  57|0x0000000708200000, 0x0000000708200000, 0x0000000708400000|  0%| F|  |TAMS 0x0000000708200000, 0x0000000708200000| Untracked 
|  58|0x0000000708400000, 0x0000000708600000, 0x0000000708600000|100%| S|CS|TAMS 0x0000000708400000, 0x0000000708400000| Complete 
|  59|0x0000000708600000, 0x0000000708800000, 0x0000000708800000|100%| S|CS|TAMS 0x0000000708600000, 0x0000000708600000| Complete 
|  60|0x0000000708800000, 0x0000000708a00000, 0x0000000708a00000|100%| S|CS|TAMS 0x0000000708800000, 0x0000000708800000| Complete 
|  61|0x0000000708a00000, 0x0000000708c00000, 0x0000000708c00000|100%| S|CS|TAMS 0x0000000708a00000, 0x0000000708a00000| Complete 
|  62|0x0000000708c00000, 0x0000000708e00000, 0x0000000708e00000|100%| S|CS|TAMS 0x0000000708c00000, 0x0000000708c00000| Complete 
|  63|0x0000000708e00000, 0x0000000709000000, 0x0000000709000000|100%| S|CS|TAMS 0x0000000708e00000, 0x0000000708e00000| Complete 
|  64|0x0000000709000000, 0x0000000709200000, 0x0000000709200000|100%| S|CS|TAMS 0x0000000709000000, 0x0000000709000000| Complete 
|  65|0x0000000709200000, 0x0000000709400000, 0x0000000709400000|100%| S|CS|TAMS 0x0000000709200000, 0x0000000709200000| Complete 
|  66|0x0000000709400000, 0x0000000709400000, 0x0000000709600000|  0%| F|  |TAMS 0x0000000709400000, 0x0000000709400000| Untracked 
|  67|0x0000000709600000, 0x0000000709600000, 0x0000000709800000|  0%| F|  |TAMS 0x0000000709600000, 0x0000000709600000| Untracked 
|  68|0x0000000709800000, 0x0000000709800000, 0x0000000709a00000|  0%| F|  |TAMS 0x0000000709800000, 0x0000000709800000| Untracked 
|  69|0x0000000709a00000, 0x0000000709a00000, 0x0000000709c00000|  0%| F|  |TAMS 0x0000000709a00000, 0x0000000709a00000| Untracked 
|  70|0x0000000709c00000, 0x0000000709c00000, 0x0000000709e00000|  0%| F|  |TAMS 0x0000000709c00000, 0x0000000709c00000| Untracked 
|  71|0x0000000709e00000, 0x0000000709e00000, 0x000000070a000000|  0%| F|  |TAMS 0x0000000709e00000, 0x0000000709e00000| Untracked 
|  72|0x000000070a000000, 0x000000070a000000, 0x000000070a200000|  0%| F|  |TAMS 0x000000070a000000, 0x000000070a000000| Untracked 
|  73|0x000000070a200000, 0x000000070a200000, 0x000000070a400000|  0%| F|  |TAMS 0x000000070a200000, 0x000000070a200000| Untracked 
|  74|0x000000070a400000, 0x000000070a400000, 0x000000070a600000|  0%| F|  |TAMS 0x000000070a400000, 0x000000070a400000| Untracked 
|  75|0x000000070a600000, 0x000000070a600000, 0x000000070a800000|  0%| F|  |TAMS 0x000000070a600000, 0x000000070a600000| Untracked 
|  76|0x000000070a800000, 0x000000070a800000, 0x000000070aa00000|  0%| F|  |TAMS 0x000000070a800000, 0x000000070a800000| Untracked 
|  77|0x000000070aa00000, 0x000000070aa00000, 0x000000070ac00000|  0%| F|  |TAMS 0x000000070aa00000, 0x000000070aa00000| Untracked 
|  78|0x000000070ac00000, 0x000000070ac00000, 0x000000070ae00000|  0%| F|  |TAMS 0x000000070ac00000, 0x000000070ac00000| Untracked 
|  79|0x000000070ae00000, 0x000000070ae00000, 0x000000070b000000|  0%| F|  |TAMS 0x000000070ae00000, 0x000000070ae00000| Untracked 
|  80|0x000000070b000000, 0x000000070b000000, 0x000000070b200000|  0%| F|  |TAMS 0x000000070b000000, 0x000000070b000000| Untracked 
|  81|0x000000070b200000, 0x000000070b200000, 0x000000070b400000|  0%| F|  |TAMS 0x000000070b200000, 0x000000070b200000| Untracked 
|  82|0x000000070b400000, 0x000000070b400000, 0x000000070b600000|  0%| F|  |TAMS 0x000000070b400000, 0x000000070b400000| Untracked 
|  83|0x000000070b600000, 0x000000070b600000, 0x000000070b800000|  0%| F|  |TAMS 0x000000070b600000, 0x000000070b600000| Untracked 
|  84|0x000000070b800000, 0x000000070b800000, 0x000000070ba00000|  0%| F|  |TAMS 0x000000070b800000, 0x000000070b800000| Untracked 
|  85|0x000000070ba00000, 0x000000070ba00000, 0x000000070bc00000|  0%| F|  |TAMS 0x000000070ba00000, 0x000000070ba00000| Untracked 
|  86|0x000000070bc00000, 0x000000070bc00000, 0x000000070be00000|  0%| F|  |TAMS 0x000000070bc00000, 0x000000070bc00000| Untracked 
|  87|0x000000070be00000, 0x000000070be00000, 0x000000070c000000|  0%| F|  |TAMS 0x000000070be00000, 0x000000070be00000| Untracked 
|  88|0x000000070c000000, 0x000000070c000000, 0x000000070c200000|  0%| F|  |TAMS 0x000000070c000000, 0x000000070c000000| Untracked 
|  89|0x000000070c200000, 0x000000070c200000, 0x000000070c400000|  0%| F|  |TAMS 0x000000070c200000, 0x000000070c200000| Untracked 
|  90|0x000000070c400000, 0x000000070c400000, 0x000000070c600000|  0%| F|  |TAMS 0x000000070c400000, 0x000000070c400000| Untracked 
|  91|0x000000070c600000, 0x000000070c600000, 0x000000070c800000|  0%| F|  |TAMS 0x000000070c600000, 0x000000070c600000| Untracked 
|  92|0x000000070c800000, 0x000000070c800000, 0x000000070ca00000|  0%| F|  |TAMS 0x000000070c800000, 0x000000070c800000| Untracked 
|  93|0x000000070ca00000, 0x000000070ca00000, 0x000000070cc00000|  0%| F|  |TAMS 0x000000070ca00000, 0x000000070ca00000| Untracked 
|  94|0x000000070cc00000, 0x000000070cc00000, 0x000000070ce00000|  0%| F|  |TAMS 0x000000070cc00000, 0x000000070cc00000| Untracked 
|  95|0x000000070ce00000, 0x000000070ce00000, 0x000000070d000000|  0%| F|  |TAMS 0x000000070ce00000, 0x000000070ce00000| Untracked 
|  96|0x000000070d000000, 0x000000070d000000, 0x000000070d200000|  0%| F|  |TAMS 0x000000070d000000, 0x000000070d000000| Untracked 
|  97|0x000000070d200000, 0x000000070d200000, 0x000000070d400000|  0%| F|  |TAMS 0x000000070d200000, 0x000000070d200000| Untracked 
|  98|0x000000070d400000, 0x000000070d400000, 0x000000070d600000|  0%| F|  |TAMS 0x000000070d400000, 0x000000070d400000| Untracked 
|  99|0x000000070d600000, 0x000000070d600000, 0x000000070d800000|  0%| F|  |TAMS 0x000000070d600000, 0x000000070d600000| Untracked 
| 100|0x000000070d800000, 0x000000070d800000, 0x000000070da00000|  0%| F|  |TAMS 0x000000070d800000, 0x000000070d800000| Untracked 
| 101|0x000000070da00000, 0x000000070da00000, 0x000000070dc00000|  0%| F|  |TAMS 0x000000070da00000, 0x000000070da00000| Untracked 
| 102|0x000000070dc00000, 0x000000070dc00000, 0x000000070de00000|  0%| F|  |TAMS 0x000000070dc00000, 0x000000070dc00000| Untracked 
| 103|0x000000070de00000, 0x000000070de00000, 0x000000070e000000|  0%| F|  |TAMS 0x000000070de00000, 0x000000070de00000| Untracked 
| 104|0x000000070e000000, 0x000000070e000000, 0x000000070e200000|  0%| F|  |TAMS 0x000000070e000000, 0x000000070e000000| Untracked 
| 105|0x000000070e200000, 0x000000070e200000, 0x000000070e400000|  0%| F|  |TAMS 0x000000070e200000, 0x000000070e200000| Untracked 
| 106|0x000000070e400000, 0x000000070e400000, 0x000000070e600000|  0%| F|  |TAMS 0x000000070e400000, 0x000000070e400000| Untracked 
| 107|0x000000070e600000, 0x000000070e600000, 0x000000070e800000|  0%| F|  |TAMS 0x000000070e600000, 0x000000070e600000| Untracked 
| 108|0x000000070e800000, 0x000000070e800000, 0x000000070ea00000|  0%| F|  |TAMS 0x000000070e800000, 0x000000070e800000| Untracked 
| 109|0x000000070ea00000, 0x000000070ea00000, 0x000000070ec00000|  0%| F|  |TAMS 0x000000070ea00000, 0x000000070ea00000| Untracked 
| 110|0x000000070ec00000, 0x000000070ec00000, 0x000000070ee00000|  0%| F|  |TAMS 0x000000070ec00000, 0x000000070ec00000| Untracked 
| 111|0x000000070ee00000, 0x000000070ee00000, 0x000000070f000000|  0%| F|  |TAMS 0x000000070ee00000, 0x000000070ee00000| Untracked 
| 112|0x000000070f000000, 0x000000070f000000, 0x000000070f200000|  0%| F|  |TAMS 0x000000070f000000, 0x000000070f000000| Untracked 
| 113|0x000000070f200000, 0x000000070f200000, 0x000000070f400000|  0%| F|  |TAMS 0x000000070f200000, 0x000000070f200000| Untracked 
| 114|0x000000070f400000, 0x000000070f400000, 0x000000070f600000|  0%| F|  |TAMS 0x000000070f400000, 0x000000070f400000| Untracked 
| 115|0x000000070f600000, 0x000000070f600000, 0x000000070f800000|  0%| F|  |TAMS 0x000000070f600000, 0x000000070f600000| Untracked 
| 116|0x000000070f800000, 0x000000070f800000, 0x000000070fa00000|  0%| F|  |TAMS 0x000000070f800000, 0x000000070f800000| Untracked 
| 117|0x000000070fa00000, 0x000000070fa00000, 0x000000070fc00000|  0%| F|  |TAMS 0x000000070fa00000, 0x000000070fa00000| Untracked 
| 118|0x000000070fc00000, 0x000000070fc00000, 0x000000070fe00000|  0%| F|  |TAMS 0x000000070fc00000, 0x000000070fc00000| Untracked 
| 119|0x000000070fe00000, 0x000000070fe00000, 0x0000000710000000|  0%| F|  |TAMS 0x000000070fe00000, 0x000000070fe00000| Untracked 
| 120|0x0000000710000000, 0x0000000710000000, 0x0000000710200000|  0%| F|  |TAMS 0x0000000710000000, 0x0000000710000000| Untracked 
| 121|0x0000000710200000, 0x0000000710200000, 0x0000000710400000|  0%| F|  |TAMS 0x0000000710200000, 0x0000000710200000| Untracked 
| 122|0x0000000710400000, 0x0000000710400000, 0x0000000710600000|  0%| F|  |TAMS 0x0000000710400000, 0x0000000710400000| Untracked 
| 123|0x0000000710600000, 0x0000000710600000, 0x0000000710800000|  0%| F|  |TAMS 0x0000000710600000, 0x0000000710600000| Untracked 
| 124|0x0000000710800000, 0x0000000710800000, 0x0000000710a00000|  0%| F|  |TAMS 0x0000000710800000, 0x0000000710800000| Untracked 
| 125|0x0000000710a00000, 0x0000000710a00000, 0x0000000710c00000|  0%| F|  |TAMS 0x0000000710a00000, 0x0000000710a00000| Untracked 
| 126|0x0000000710c00000, 0x0000000710c00000, 0x0000000710e00000|  0%| F|  |TAMS 0x0000000710c00000, 0x0000000710c00000| Untracked 
| 127|0x0000000710e00000, 0x0000000710e00000, 0x0000000711000000|  0%| F|  |TAMS 0x0000000710e00000, 0x0000000710e00000| Untracked 
| 128|0x0000000711000000, 0x0000000711000000, 0x0000000711200000|  0%| F|  |TAMS 0x0000000711000000, 0x0000000711000000| Untracked 
| 129|0x0000000711200000, 0x0000000711200000, 0x0000000711400000|  0%| F|  |TAMS 0x0000000711200000, 0x0000000711200000| Untracked 
| 130|0x0000000711400000, 0x0000000711400000, 0x0000000711600000|  0%| F|  |TAMS 0x0000000711400000, 0x0000000711400000| Untracked 
| 131|0x0000000711600000, 0x0000000711600000, 0x0000000711800000|  0%| F|  |TAMS 0x0000000711600000, 0x0000000711600000| Untracked 
| 132|0x0000000711800000, 0x0000000711800000, 0x0000000711a00000|  0%| F|  |TAMS 0x0000000711800000, 0x0000000711800000| Untracked 
| 133|0x0000000711a00000, 0x0000000711a00000, 0x0000000711c00000|  0%| F|  |TAMS 0x0000000711a00000, 0x0000000711a00000| Untracked 
| 134|0x0000000711c00000, 0x0000000711c00000, 0x0000000711e00000|  0%| F|  |TAMS 0x0000000711c00000, 0x0000000711c00000| Untracked 
| 135|0x0000000711e00000, 0x0000000711e00000, 0x0000000712000000|  0%| F|  |TAMS 0x0000000711e00000, 0x0000000711e00000| Untracked 
| 136|0x0000000712000000, 0x0000000712000000, 0x0000000712200000|  0%| F|  |TAMS 0x0000000712000000, 0x0000000712000000| Untracked 
| 137|0x0000000712200000, 0x0000000712200000, 0x0000000712400000|  0%| F|  |TAMS 0x0000000712200000, 0x0000000712200000| Untracked 
| 138|0x0000000712400000, 0x0000000712400000, 0x0000000712600000|  0%| F|  |TAMS 0x0000000712400000, 0x0000000712400000| Untracked 
| 139|0x0000000712600000, 0x0000000712600000, 0x0000000712800000|  0%| F|  |TAMS 0x0000000712600000, 0x0000000712600000| Untracked 
| 140|0x0000000712800000, 0x0000000712800000, 0x0000000712a00000|  0%| F|  |TAMS 0x0000000712800000, 0x0000000712800000| Untracked 
| 141|0x0000000712a00000, 0x0000000712a00000, 0x0000000712c00000|  0%| F|  |TAMS 0x0000000712a00000, 0x0000000712a00000| Untracked 
| 142|0x0000000712c00000, 0x0000000712c00000, 0x0000000712e00000|  0%| F|  |TAMS 0x0000000712c00000, 0x0000000712c00000| Untracked 
| 143|0x0000000712e00000, 0x0000000712e00000, 0x0000000713000000|  0%| F|  |TAMS 0x0000000712e00000, 0x0000000712e00000| Untracked 
| 144|0x0000000713000000, 0x0000000713000000, 0x0000000713200000|  0%| F|  |TAMS 0x0000000713000000, 0x0000000713000000| Untracked 
| 145|0x0000000713200000, 0x0000000713200000, 0x0000000713400000|  0%| F|  |TAMS 0x0000000713200000, 0x0000000713200000| Untracked 
| 146|0x0000000713400000, 0x0000000713400000, 0x0000000713600000|  0%| F|  |TAMS 0x0000000713400000, 0x0000000713400000| Untracked 
| 147|0x0000000713600000, 0x0000000713600000, 0x0000000713800000|  0%| F|  |TAMS 0x0000000713600000, 0x0000000713600000| Untracked 
| 148|0x0000000713800000, 0x0000000713800000, 0x0000000713a00000|  0%| F|  |TAMS 0x0000000713800000, 0x0000000713800000| Untracked 
| 149|0x0000000713a00000, 0x0000000713a00000, 0x0000000713c00000|  0%| F|  |TAMS 0x0000000713a00000, 0x0000000713a00000| Untracked 
| 150|0x0000000713c00000, 0x0000000713c00000, 0x0000000713e00000|  0%| F|  |TAMS 0x0000000713c00000, 0x0000000713c00000| Untracked 
| 151|0x0000000713e00000, 0x0000000713e00000, 0x0000000714000000|  0%| F|  |TAMS 0x0000000713e00000, 0x0000000713e00000| Untracked 
| 152|0x0000000714000000, 0x0000000714000000, 0x0000000714200000|  0%| F|  |TAMS 0x0000000714000000, 0x0000000714000000| Untracked 
| 153|0x0000000714200000, 0x0000000714200000, 0x0000000714400000|  0%| F|  |TAMS 0x0000000714200000, 0x0000000714200000| Untracked 
| 154|0x0000000714400000, 0x0000000714400000, 0x0000000714600000|  0%| F|  |TAMS 0x0000000714400000, 0x0000000714400000| Untracked 
| 155|0x0000000714600000, 0x0000000714600000, 0x0000000714800000|  0%| F|  |TAMS 0x0000000714600000, 0x0000000714600000| Untracked 
| 156|0x0000000714800000, 0x0000000714800000, 0x0000000714a00000|  0%| F|  |TAMS 0x0000000714800000, 0x0000000714800000| Untracked 
| 157|0x0000000714a00000, 0x0000000714a00000, 0x0000000714c00000|  0%| F|  |TAMS 0x0000000714a00000, 0x0000000714a00000| Untracked 
| 158|0x0000000714c00000, 0x0000000714c00000, 0x0000000714e00000|  0%| F|  |TAMS 0x0000000714c00000, 0x0000000714c00000| Untracked 
| 159|0x0000000714e00000, 0x0000000714e00000, 0x0000000715000000|  0%| F|  |TAMS 0x0000000714e00000, 0x0000000714e00000| Untracked 
| 160|0x0000000715000000, 0x0000000715000000, 0x0000000715200000|  0%| F|  |TAMS 0x0000000715000000, 0x0000000715000000| Untracked 
| 161|0x0000000715200000, 0x0000000715200000, 0x0000000715400000|  0%| F|  |TAMS 0x0000000715200000, 0x0000000715200000| Untracked 
| 162|0x0000000715400000, 0x0000000715400000, 0x0000000715600000|  0%| F|  |TAMS 0x0000000715400000, 0x0000000715400000| Untracked 
| 163|0x0000000715600000, 0x0000000715600000, 0x0000000715800000|  0%| F|  |TAMS 0x0000000715600000, 0x0000000715600000| Untracked 
| 164|0x0000000715800000, 0x0000000715800000, 0x0000000715a00000|  0%| F|  |TAMS 0x0000000715800000, 0x0000000715800000| Untracked 
| 165|0x0000000715a00000, 0x0000000715a00000, 0x0000000715c00000|  0%| F|  |TAMS 0x0000000715a00000, 0x0000000715a00000| Untracked 
| 166|0x0000000715c00000, 0x0000000715c00000, 0x0000000715e00000|  0%| F|  |TAMS 0x0000000715c00000, 0x0000000715c00000| Untracked 
| 167|0x0000000715e00000, 0x0000000715e00000, 0x0000000716000000|  0%| F|  |TAMS 0x0000000715e00000, 0x0000000715e00000| Untracked 
| 168|0x0000000716000000, 0x0000000716000000, 0x0000000716200000|  0%| F|  |TAMS 0x0000000716000000, 0x0000000716000000| Untracked 
| 169|0x0000000716200000, 0x0000000716200000, 0x0000000716400000|  0%| F|  |TAMS 0x0000000716200000, 0x0000000716200000| Untracked 
| 170|0x0000000716400000, 0x0000000716400000, 0x0000000716600000|  0%| F|  |TAMS 0x0000000716400000, 0x0000000716400000| Untracked 
| 171|0x0000000716600000, 0x0000000716600000, 0x0000000716800000|  0%| F|  |TAMS 0x0000000716600000, 0x0000000716600000| Untracked 
| 172|0x0000000716800000, 0x0000000716800000, 0x0000000716a00000|  0%| F|  |TAMS 0x0000000716800000, 0x0000000716800000| Untracked 
| 173|0x0000000716a00000, 0x0000000716a00000, 0x0000000716c00000|  0%| F|  |TAMS 0x0000000716a00000, 0x0000000716a00000| Untracked 
| 174|0x0000000716c00000, 0x0000000716c00000, 0x0000000716e00000|  0%| F|  |TAMS 0x0000000716c00000, 0x0000000716c00000| Untracked 
| 175|0x0000000716e00000, 0x0000000716e00000, 0x0000000717000000|  0%| F|  |TAMS 0x0000000716e00000, 0x0000000716e00000| Untracked 
| 176|0x0000000717000000, 0x0000000717000000, 0x0000000717200000|  0%| F|  |TAMS 0x0000000717000000, 0x0000000717000000| Untracked 
| 177|0x0000000717200000, 0x0000000717200000, 0x0000000717400000|  0%| F|  |TAMS 0x0000000717200000, 0x0000000717200000| Untracked 
| 178|0x0000000717400000, 0x0000000717400000, 0x0000000717600000|  0%| F|  |TAMS 0x0000000717400000, 0x0000000717400000| Untracked 
| 179|0x0000000717600000, 0x0000000717600000, 0x0000000717800000|  0%| F|  |TAMS 0x0000000717600000, 0x0000000717600000| Untracked 
| 180|0x0000000717800000, 0x0000000717800000, 0x0000000717a00000|  0%| F|  |TAMS 0x0000000717800000, 0x0000000717800000| Untracked 
| 181|0x0000000717a00000, 0x0000000717a00000, 0x0000000717c00000|  0%| F|  |TAMS 0x0000000717a00000, 0x0000000717a00000| Untracked 
| 182|0x0000000717c00000, 0x0000000717c00000, 0x0000000717e00000|  0%| F|  |TAMS 0x0000000717c00000, 0x0000000717c00000| Untracked 
| 183|0x0000000717e00000, 0x0000000717e00000, 0x0000000718000000|  0%| F|  |TAMS 0x0000000717e00000, 0x0000000717e00000| Untracked 
| 184|0x0000000718000000, 0x0000000718000000, 0x0000000718200000|  0%| F|  |TAMS 0x0000000718000000, 0x0000000718000000| Untracked 
| 185|0x0000000718200000, 0x0000000718200000, 0x0000000718400000|  0%| F|  |TAMS 0x0000000718200000, 0x0000000718200000| Untracked 
| 186|0x0000000718400000, 0x0000000718400000, 0x0000000718600000|  0%| F|  |TAMS 0x0000000718400000, 0x0000000718400000| Untracked 
| 187|0x0000000718600000, 0x0000000718600000, 0x0000000718800000|  0%| F|  |TAMS 0x0000000718600000, 0x0000000718600000| Untracked 
| 188|0x0000000718800000, 0x0000000718800000, 0x0000000718a00000|  0%| F|  |TAMS 0x0000000718800000, 0x0000000718800000| Untracked 
| 189|0x0000000718a00000, 0x0000000718a00000, 0x0000000718c00000|  0%| F|  |TAMS 0x0000000718a00000, 0x0000000718a00000| Untracked 
| 190|0x0000000718c00000, 0x0000000718c00000, 0x0000000718e00000|  0%| F|  |TAMS 0x0000000718c00000, 0x0000000718c00000| Untracked 
| 191|0x0000000718e00000, 0x0000000718e00000, 0x0000000719000000|  0%| F|  |TAMS 0x0000000718e00000, 0x0000000718e00000| Untracked 
| 192|0x0000000719000000, 0x0000000719000000, 0x0000000719200000|  0%| F|  |TAMS 0x0000000719000000, 0x0000000719000000| Untracked 
| 193|0x0000000719200000, 0x0000000719200000, 0x0000000719400000|  0%| F|  |TAMS 0x0000000719200000, 0x0000000719200000| Untracked 
| 194|0x0000000719400000, 0x0000000719508010, 0x0000000719600000| 51%| E|  |TAMS 0x0000000719400000, 0x0000000719400000| Complete 
| 195|0x0000000719600000, 0x0000000719800000, 0x0000000719800000|100%| E|CS|TAMS 0x0000000719600000, 0x0000000719600000| Complete 
| 196|0x0000000719800000, 0x0000000719a00000, 0x0000000719a00000|100%| E|CS|TAMS 0x0000000719800000, 0x0000000719800000| Complete 
| 197|0x0000000719a00000, 0x0000000719c00000, 0x0000000719c00000|100%| E|CS|TAMS 0x0000000719a00000, 0x0000000719a00000| Complete 
| 198|0x0000000719c00000, 0x0000000719e00000, 0x0000000719e00000|100%| E|CS|TAMS 0x0000000719c00000, 0x0000000719c00000| Complete 
| 199|0x0000000719e00000, 0x000000071a000000, 0x000000071a000000|100%| E|CS|TAMS 0x0000000719e00000, 0x0000000719e00000| Complete 
| 200|0x000000071a000000, 0x000000071a200000, 0x000000071a200000|100%| E|CS|TAMS 0x000000071a000000, 0x000000071a000000| Complete 
| 201|0x000000071a200000, 0x000000071a400000, 0x000000071a400000|100%| E|CS|TAMS 0x000000071a200000, 0x000000071a200000| Complete 
| 202|0x000000071a400000, 0x000000071a600000, 0x000000071a600000|100%| E|CS|TAMS 0x000000071a400000, 0x000000071a400000| Complete 
| 203|0x000000071a600000, 0x000000071a800000, 0x000000071a800000|100%| E|CS|TAMS 0x000000071a600000, 0x000000071a600000| Complete 
| 204|0x000000071a800000, 0x000000071aa00000, 0x000000071aa00000|100%| E|CS|TAMS 0x000000071a800000, 0x000000071a800000| Complete 
| 205|0x000000071aa00000, 0x000000071ac00000, 0x000000071ac00000|100%| E|CS|TAMS 0x000000071aa00000, 0x000000071aa00000| Complete 
| 206|0x000000071ac00000, 0x000000071ae00000, 0x000000071ae00000|100%| E|CS|TAMS 0x000000071ac00000, 0x000000071ac00000| Complete 
| 207|0x000000071ae00000, 0x000000071b000000, 0x000000071b000000|100%| E|CS|TAMS 0x000000071ae00000, 0x000000071ae00000| Complete 
| 208|0x000000071b000000, 0x000000071b200000, 0x000000071b200000|100%| E|CS|TAMS 0x000000071b000000, 0x000000071b000000| Complete 
| 209|0x000000071b200000, 0x000000071b400000, 0x000000071b400000|100%| E|CS|TAMS 0x000000071b200000, 0x000000071b200000| Complete 
| 210|0x000000071b400000, 0x000000071b600000, 0x000000071b600000|100%| E|CS|TAMS 0x000000071b400000, 0x000000071b400000| Complete 
| 211|0x000000071b600000, 0x000000071b800000, 0x000000071b800000|100%| E|CS|TAMS 0x000000071b600000, 0x000000071b600000| Complete 
| 212|0x000000071b800000, 0x000000071ba00000, 0x000000071ba00000|100%| E|CS|TAMS 0x000000071b800000, 0x000000071b800000| Complete 
| 213|0x000000071ba00000, 0x000000071bc00000, 0x000000071bc00000|100%| E|CS|TAMS 0x000000071ba00000, 0x000000071ba00000| Complete 
| 214|0x000000071bc00000, 0x000000071be00000, 0x000000071be00000|100%| E|CS|TAMS 0x000000071bc00000, 0x000000071bc00000| Complete 
| 215|0x000000071be00000, 0x000000071c000000, 0x000000071c000000|100%| E|CS|TAMS 0x000000071be00000, 0x000000071be00000| Complete 
| 216|0x000000071c000000, 0x000000071c200000, 0x000000071c200000|100%| E|CS|TAMS 0x000000071c000000, 0x000000071c000000| Complete 
| 217|0x000000071c200000, 0x000000071c400000, 0x000000071c400000|100%| E|CS|TAMS 0x000000071c200000, 0x000000071c200000| Complete 
| 218|0x000000071c400000, 0x000000071c600000, 0x000000071c600000|100%| E|CS|TAMS 0x000000071c400000, 0x000000071c400000| Complete 
| 219|0x000000071c600000, 0x000000071c800000, 0x000000071c800000|100%| E|CS|TAMS 0x000000071c600000, 0x000000071c600000| Complete 
| 220|0x000000071c800000, 0x000000071ca00000, 0x000000071ca00000|100%| E|CS|TAMS 0x000000071c800000, 0x000000071c800000| Complete 
| 221|0x000000071ca00000, 0x000000071cc00000, 0x000000071cc00000|100%| E|CS|TAMS 0x000000071ca00000, 0x000000071ca00000| Complete 
| 222|0x000000071cc00000, 0x000000071ce00000, 0x000000071ce00000|100%| E|CS|TAMS 0x000000071cc00000, 0x000000071cc00000| Complete 

Card table byte_map: [0x000001c0a7ca0000,0x000001c0a84a0000] _byte_map_base: 0x000001c0a4498000

Marking Bits (Prev, Next): (CMBitMap*) 0x000001c0901c63b0, (CMBitMap*) 0x000001c0901c63f0
 Prev Bits: [0x000001c0a8ca0000, 0x000001c0acc60000)
 Next Bits: [0x000001c0acc60000, 0x000001c0b0c20000)

Polling page: 0x000001c08da60000

Metaspace:

Usage:
  Non-class:      3.71 MB used.
      Class:    337.13 KB used.
       Both:      4.03 MB used.

Virtual space:
  Non-class space:        8.00 MB reserved,       3.81 MB ( 48%) committed,  1 nodes.
      Class space:        1.00 GB reserved,     448.00 KB ( <1%) committed,  1 nodes.
             Both:        1.01 GB reserved,       4.25 MB ( <1%) committed. 

Chunk freelists:
   Non-Class:  2.66 MB
       Class:  3.59 MB
        Both:  6.25 MB

MaxMetaspaceSize: unlimited
CompressedClassSpaceSize: 1.00 GB
Initial GC threshold: 21.00 MB
Current GC threshold: 21.00 MB
CDS: on
MetaspaceReclaimPolicy: balanced
 - commit_granule_bytes: 65536.
 - commit_granule_words: 8192.
 - virtual_space_node_default_size: 1048576.
 - enlarge_chunks_in_place: 1.
 - new_chunks_are_fully_committed: 0.
 - uncommit_free_chunks: 1.
 - use_allocation_guard: 0.
 - handle_deallocations: 1.


Internal statistics:

num_allocs_failed_limit: 0.
num_arena_births: 12.
num_arena_deaths: 0.
num_vsnodes_births: 2.
num_vsnodes_deaths: 0.
num_space_committed: 68.
num_space_uncommitted: 0.
num_chunks_returned_to_freelist: 0.
num_chunks_taken_from_freelist: 82.
num_chunk_merges: 0.
num_chunk_splits: 51.
num_chunks_enlarged: 47.
num_purges: 0.
num_inconsistent_stats: 0.

CodeHeap 'non-profiled nmethods': size=119168Kb used=1485Kb max_used=1485Kb free=117682Kb
 bounds [0x000001c09f7c0000, 0x000001c09fa30000, 0x000001c0a6c20000]
CodeHeap 'profiled nmethods': size=119104Kb used=3827Kb max_used=3827Kb free=115277Kb
 bounds [0x000001c098370000, 0x000001c098730000, 0x000001c09f7c0000]
CodeHeap 'non-nmethods': size=7488Kb used=2894Kb max_used=2940Kb free=4593Kb
 bounds [0x000001c097c20000, 0x000001c097f00000, 0x000001c098370000]
 total_blobs=2279 nmethods=1832 adapters=354
 compilation: enabled
              stopped_count=0, restarted_count=0
 full_count=0

Compilation events (20 events):
Event: 1.354 Thread 0x000001c0b3e138b0 1775   !   4       java.util.zip.Deflater::finished (19 bytes)
Event: 1.354 Thread 0x000001c0b3e138b0 nmethod 1775 0x000001c09f90c290 code [0x000001c09f90c400, 0x000001c09f90c5d8]
Event: 1.355 Thread 0x000001c0b3e138b0 1776       4       org.objectweb.asm.tree.AnnotationNode::visitEnd (1 bytes)
Event: 1.355 Thread 0x000001c0b3e138b0 nmethod 1776 0x000001c09f90c690 code [0x000001c09f90c800, 0x000001c09f90c878]
Event: 1.355 Thread 0x000001c0b3e138b0 1780       4       net.md_5.specialsource.UnsortedRemappingMethodAdapter::visitMethodInsn (39 bytes)
Event: 1.356 Thread 0x000001c0b3d64490 1781       3       org.objectweb.asm.MethodVisitor::visitIntInsn (17 bytes)
Event: 1.356 Thread 0x000001c0b3e80330 nmethod 1663 0x000001c09f90c990 code [0x000001c09f90cea0, 0x000001c09f9146b8]
Event: 1.357 Thread 0x000001c0b3d64490 nmethod 1781 0x000001c09870f610 code [0x000001c09870f7c0, 0x000001c09870f9c8]
Event: 1.358 Thread 0x000001c0b3e80330 1782       4       net.md_5.specialsource.JarRemapper::mapMethodName (58 bytes)
Event: 1.358 Thread 0x000001c0b4bce780 1784       3       org.objectweb.asm.tree.IntInsnNode::accept (18 bytes)
Event: 1.358 Thread 0x000001c0b52667e0 1785       3       org.objectweb.asm.MethodWriter::visitIntInsn (113 bytes)
Event: 1.358 Thread 0x000001c0b3d64490 1786       3       org.objectweb.asm.SymbolTable::hash (14 bytes)
Event: 1.358 Thread 0x000001c0b4bce780 nmethod 1784 0x000001c09870fa90 code [0x000001c09870fc40, 0x000001c09870fe78]
Event: 1.358 Thread 0x000001c0b3d64490 nmethod 1786 0x000001c09870ff90 code [0x000001c098710120, 0x000001c098710218]
Event: 1.358 Thread 0x000001c0b52667e0 nmethod 1785 0x000001c098710290 code [0x000001c098710460, 0x000001c0987108e8]
Event: 1.361 Thread 0x000001c0b3c1ce30 1789       3       org.objectweb.asm.tree.ClassNode::accept (723 bytes)
Event: 1.361 Thread 0x000001c0b3d64490 1790       3       org.objectweb.asm.SymbolTable::addConstantLongOrDouble (109 bytes)
Event: 1.361 Thread 0x000001c0b4bce780 1791       3       org.objectweb.asm.SymbolTable::addBootstrapMethod (209 bytes)
Event: 1.362 Thread 0x000001c0b3d64490 nmethod 1790 0x000001c098710a10 code [0x000001c098710c20, 0x000001c098711168]
Event: 1.362 Thread 0x000001c0b4bce780 nmethod 1791 0x000001c098711490 code [0x000001c098711700, 0x000001c098712218]

GC Heap History (10 events):
Event: 0.303 GC heap before
{Heap before GC invocations=0 (full 0):
 garbage-first heap   total 262144K, used 20480K [0x0000000701000000, 0x0000000800000000)
  region size 2048K, 11 young (22528K), 0 survivors (0K)
 Metaspace       used 916K, committed 1088K, reserved 1056768K
  class space    used 66K, committed 128K, reserved 1048576K
}
Event: 0.309 GC heap after
{Heap after GC invocations=1 (full 0):
 garbage-first heap   total 262144K, used 18969K [0x0000000701000000, 0x0000000800000000)
  region size 2048K, 2 young (4096K), 2 survivors (4096K)
 Metaspace       used 916K, committed 1088K, reserved 1056768K
  class space    used 66K, committed 128K, reserved 1048576K
}
Event: 0.343 GC heap before
{Heap before GC invocations=1 (full 0):
 garbage-first heap   total 262144K, used 31257K [0x0000000701000000, 0x0000000800000000)
  region size 2048K, 8 young (16384K), 2 survivors (4096K)
 Metaspace       used 1021K, committed 1152K, reserved 1056768K
  class space    used 76K, committed 128K, reserved 1048576K
}
Event: 0.346 GC heap after
{Heap after GC invocations=2 (full 0):
 garbage-first heap   total 262144K, used 23514K [0x0000000701000000, 0x0000000800000000)
  region size 2048K, 1 young (2048K), 1 survivors (2048K)
 Metaspace       used 1021K, committed 1152K, reserved 1056768K
  class space    used 76K, committed 128K, reserved 1048576K
}
Event: 0.377 GC heap before
{Heap before GC invocations=2 (full 0):
 garbage-first heap   total 262144K, used 50138K [0x0000000701000000, 0x0000000800000000)
  region size 2048K, 14 young (28672K), 1 survivors (2048K)
 Metaspace       used 1021K, committed 1152K, reserved 1056768K
  class space    used 76K, committed 128K, reserved 1048576K
}
Event: 0.380 GC heap after
{Heap after GC invocations=3 (full 0):
 garbage-first heap   total 262144K, used 27741K [0x0000000701000000, 0x0000000800000000)
  region size 2048K, 2 young (4096K), 2 survivors (4096K)
 Metaspace       used 1021K, committed 1152K, reserved 1056768K
  class space    used 76K, committed 128K, reserved 1048576K
}
Event: 0.468 GC heap before
{Heap before GC invocations=3 (full 0):
 garbage-first heap   total 262144K, used 111709K [0x0000000701000000, 0x0000000800000000)
  region size 2048K, 43 young (88064K), 2 survivors (4096K)
 Metaspace       used 1021K, committed 1152K, reserved 1056768K
  class space    used 76K, committed 128K, reserved 1048576K
}
Event: 0.476 GC heap after
{Heap after GC invocations=4 (full 0):
 garbage-first heap   total 262144K, used 38912K [0x0000000701000000, 0x0000000800000000)
  region size 2048K, 6 young (12288K), 6 survivors (12288K)
 Metaspace       used 1021K, committed 1152K, reserved 1056768K
  class space    used 76K, committed 128K, reserved 1048576K
}
Event: 1.052 GC heap before
{Heap before GC invocations=4 (full 0):
 garbage-first heap   total 262144K, used 159744K [0x0000000701000000, 0x0000000800000000)
  region size 2048K, 62 young (126976K), 6 survivors (12288K)
 Metaspace       used 3999K, committed 4224K, reserved 1056768K
  class space    used 337K, committed 448K, reserved 1048576K
}
Event: 1.067 GC heap after
{Heap after GC invocations=5 (full 0):
 garbage-first heap   total 456704K, used 59750K [0x0000000701000000, 0x0000000800000000)
  region size 2048K, 8 young (16384K), 8 survivors (16384K)
 Metaspace       used 3999K, committed 4224K, reserved 1056768K
  class space    used 337K, committed 448K, reserved 1048576K
}

Dll operation events (7 events):
Event: 0.010 Loaded shared library C:\Program Files\Pylo\MCreator\jdk\bin\java.dll
Event: 0.019 Loaded shared library C:\Program Files\Pylo\MCreator\jdk\bin\jsvml.dll
Event: 0.185 Loaded shared library C:\Program Files\Pylo\MCreator\jdk\bin\net.dll
Event: 0.187 Loaded shared library C:\Program Files\Pylo\MCreator\jdk\bin\nio.dll
Event: 0.192 Loaded shared library C:\Program Files\Pylo\MCreator\jdk\bin\zip.dll
Event: 0.199 Loaded shared library C:\Program Files\Pylo\MCreator\jdk\bin\verify.dll
Event: 0.523 Loaded shared library C:\Program Files\Pylo\MCreator\jdk\bin\jimage.dll

Deoptimization events (20 events):
Event: 0.889 Thread 0x000001c090158c60 DEOPT PACKING pc=0x000001c0983a7626 sp=0x00000051853fe510
Event: 0.889 Thread 0x000001c090158c60 DEOPT UNPACKING pc=0x000001c097c72b43 sp=0x00000051853fd9c0 mode 0
Event: 0.909 Thread 0x000001c090158c60 DEOPT PACKING pc=0x000001c09846e75b sp=0x00000051853fdf20
Event: 0.909 Thread 0x000001c090158c60 DEOPT UNPACKING pc=0x000001c097c72b43 sp=0x00000051853fd440 mode 0
Event: 0.976 Thread 0x000001c090158c60 DEOPT PACKING pc=0x000001c098603f58 sp=0x00000051853fe910
Event: 0.976 Thread 0x000001c090158c60 DEOPT UNPACKING pc=0x000001c097c72b43 sp=0x00000051853fddf0 mode 0
Event: 1.007 Thread 0x000001c090158c60 DEOPT PACKING pc=0x000001c098603f58 sp=0x00000051853fe530
Event: 1.007 Thread 0x000001c090158c60 DEOPT UNPACKING pc=0x000001c097c72b43 sp=0x00000051853fda10 mode 0
Event: 1.114 Thread 0x000001c090158c60 Uncommon trap: trap_request=0xffffffc6 fr.pc=0x000001c09f833ee0 relative=0x00000000000002a0
Event: 1.114 Thread 0x000001c090158c60 Uncommon trap: reason=bimorphic_or_optimized_type_check action=maybe_recompile pc=0x000001c09f833ee0 method=java.util.HashMap.getNode(Ljava/lang/Object;)Ljava/util/HashMap$Node; @ 128 c2
Event: 1.114 Thread 0x000001c090158c60 DEOPT PACKING pc=0x000001c09f833ee0 sp=0x00000051853fdf00
Event: 1.114 Thread 0x000001c090158c60 DEOPT UNPACKING pc=0x000001c097c723a3 sp=0x00000051853fde08 mode 2
Event: 1.124 Thread 0x000001c090158c60 Uncommon trap: trap_request=0xffffff45 fr.pc=0x000001c09f8611d4 relative=0x0000000000001454
Event: 1.124 Thread 0x000001c090158c60 Uncommon trap: reason=unstable_if action=reinterpret pc=0x000001c09f8611d4 method=jdk.internal.jimage.ImageLocation.verifyName(Ljava/lang/String;Ljava/lang/String;IIIIIILjdk/internal/jimage/ImageStrings;)Z @ 2 c2
Event: 1.124 Thread 0x000001c090158c60 DEOPT PACKING pc=0x000001c09f8611d4 sp=0x00000051853fe650
Event: 1.124 Thread 0x000001c090158c60 DEOPT UNPACKING pc=0x000001c097c723a3 sp=0x00000051853fe538 mode 2
Event: 1.198 Thread 0x000001c090158c60 Uncommon trap: trap_request=0xffffff45 fr.pc=0x000001c09f8b0010 relative=0x0000000000000c70
Event: 1.198 Thread 0x000001c090158c60 Uncommon trap: reason=unstable_if action=reinterpret pc=0x000001c09f8b0010 method=org.objectweb.asm.ClassReader.readVerificationTypeInfo(I[Ljava/lang/Object;I[C[Lorg/objectweb/asm/Label;)I @ 21 c2
Event: 1.198 Thread 0x000001c090158c60 DEOPT PACKING pc=0x000001c09f8b0010 sp=0x00000051853fdaa0
Event: 1.198 Thread 0x000001c090158c60 DEOPT UNPACKING pc=0x000001c097c723a3 sp=0x00000051853fda50 mode 2

Classes unloaded (0 events):
No events

Classes redefined (0 events):
No events

Internal exceptions (2 events):
Event: 0.293 Thread 0x000001c090158c60 Implicit null exception at 0x000001c09f7d555b to 0x000001c09f7d5834
Event: 0.665 Thread 0x000001c090158c60 Exception <a 'java/lang/NoSuchMethodError'{0x000000070db57428}: 'java.lang.Object java.lang.invoke.DirectMethodHandle$Holder.invokeStatic(java.lang.Object, int, java.lang.Object)'> (0x000000070db57428) 
thrown [s\src\hotspot\share\interpreter\linkResolver.cpp, line 759]

VM Operations (20 events):
Event: 0.641 Executing VM operation: HandshakeAllThreads
Event: 0.641 Executing VM operation: HandshakeAllThreads done
Event: 0.692 Executing VM operation: HandshakeAllThreads
Event: 0.692 Executing VM operation: HandshakeAllThreads done
Event: 0.710 Executing VM operation: HandshakeAllThreads
Event: 0.710 Executing VM operation: HandshakeAllThreads done
Event: 0.719 Executing VM operation: HandshakeAllThreads
Event: 0.719 Executing VM operation: HandshakeAllThreads done
Event: 0.719 Executing VM operation: HandshakeAllThreads
Event: 0.719 Executing VM operation: HandshakeAllThreads done
Event: 0.764 Executing VM operation: HandshakeAllThreads
Event: 0.764 Executing VM operation: HandshakeAllThreads done
Event: 0.771 Executing VM operation: HandshakeAllThreads
Event: 0.771 Executing VM operation: HandshakeAllThreads done
Event: 0.789 Executing VM operation: HandshakeAllThreads
Event: 0.789 Executing VM operation: HandshakeAllThreads done
Event: 0.868 Executing VM operation: ICBufferFull
Event: 0.868 Executing VM operation: ICBufferFull done
Event: 1.052 Executing VM operation: G1CollectForAllocation
Event: 1.067 Executing VM operation: G1CollectForAllocation done

Events (20 events):
Event: 0.763 loading class sun/net/www/protocol/jrt/JavaRuntimeURLConnection
Event: 0.763 loading class sun/net/www/protocol/jrt/JavaRuntimeURLConnection done
Event: 0.764 loading class sun/net/www/protocol/jrt/JavaRuntimeURLConnection$1
Event: 0.764 loading class sun/net/www/protocol/jrt/JavaRuntimeURLConnection$1 done
Event: 0.764 loading class jdk/internal/jimage/ImageBufferCache
Event: 0.764 loading class jdk/internal/jimage/ImageBufferCache done
Event: 0.764 loading class jdk/internal/jimage/ImageBufferCache$1
Event: 0.764 loading class jdk/internal/jimage/ImageBufferCache$1 done
Event: 0.764 loading class jdk/internal/jimage/ImageBufferCache$2
Event: 0.764 loading class jdk/internal/jimage/ImageBufferCache$2 done
Event: 0.764 loading class java/util/AbstractMap$SimpleEntry
Event: 0.764 loading class java/util/AbstractMap$SimpleEntry done
Event: 0.770 loading class jdk/internal/misc/ScopedMemoryAccess$Scope
Event: 0.770 loading class jdk/internal/misc/ScopedMemoryAccess$Scope done
Event: 0.774 loading class java/lang/NoSuchFieldError
Event: 0.774 loading class java/lang/NoSuchFieldError done
Event: 0.781 loading class java/lang/TypeNotPresentException
Event: 0.781 loading class java/lang/TypeNotPresentException done
Event: 0.890 Thread 0x000001c0b68f42a0 Thread added: 0x000001c0b68f42a0
Event: 0.892 Thread 0x000001c0b61ce640 Thread added: 0x000001c0b61ce640


Dynamic libraries:
0x00007ff79e0e0000 - 0x00007ff79e0ee000 	C:\Program Files\Pylo\MCreator\jdk\bin\java.exe
0x00007ff933fb0000 - 0x00007ff9341a7000 	C:\WINDOWS\SYSTEM32\ntdll.dll
0x00007ff9324a0000 - 0x00007ff93255d000 	C:\WINDOWS\System32\KERNEL32.DLL
0x00007ff931c00000 - 0x00007ff931ef6000 	C:\WINDOWS\System32\KERNELBASE.dll
0x00007ff8fd780000 - 0x00007ff8fd855000 	C:\Program Files\Bitdefender\Bitdefender Security\bdhkm\dlls_266760019072103168\bdhkm64.dll
0x00007ff8fd620000 - 0x00007ff8fd779000 	C:\Program Files\Bitdefender\Bitdefender Security\atcuf\dlls_266760019019490458\atcuf64.dll
0x00007ff931b00000 - 0x00007ff931c00000 	C:\WINDOWS\System32\ucrtbase.dll
0x00007ff9190f0000 - 0x00007ff919107000 	C:\Program Files\Pylo\MCreator\jdk\bin\jli.dll
0x00007ff932a90000 - 0x00007ff932c2e000 	C:\WINDOWS\System32\USER32.dll
0x00007ff931aa0000 - 0x00007ff931ac2000 	C:\WINDOWS\System32\win32u.dll
0x00007ff933210000 - 0x00007ff93323c000 	C:\WINDOWS\System32\GDI32.dll
0x00007ff931790000 - 0x00007ff9318aa000 	C:\WINDOWS\System32\gdi32full.dll
0x00007ff931f70000 - 0x00007ff93200d000 	C:\WINDOWS\System32\msvcp_win.dll
0x00007ff9141d0000 - 0x00007ff9141e9000 	C:\Program Files\Pylo\MCreator\jdk\bin\VCRUNTIME140.dll
0x00007ff9177d0000 - 0x00007ff917a6a000 	C:\WINDOWS\WinSxS\amd64_microsoft.windows.common-controls_6595b64144ccf1df_6.0.19041.3570_none_60bb2a3971f3e41a\COMCTL32.dll
0x00007ff933300000 - 0x00007ff93339e000 	C:\WINDOWS\System32\msvcrt.dll
0x00007ff932690000 - 0x00007ff9326c0000 	C:\WINDOWS\System32\IMM32.DLL
0x00007ff92ab60000 - 0x00007ff92ab6c000 	C:\Program Files\Pylo\MCreator\jdk\bin\vcruntime140_1.dll
0x00007ff8f7570000 - 0x00007ff8f7601000 	C:\Program Files\Pylo\MCreator\jdk\bin\msvcp140.dll
0x00007ff873140000 - 0x00007ff873d84000 	C:\Program Files\Pylo\MCreator\jdk\bin\server\jvm.dll
0x00007ff932250000 - 0x00007ff9322fe000 	C:\WINDOWS\System32\ADVAPI32.dll
0x00007ff933170000 - 0x00007ff93320c000 	C:\WINDOWS\System32\sechost.dll
0x00007ff932560000 - 0x00007ff932686000 	C:\WINDOWS\System32\RPCRT4.dll
0x00007ff9190e0000 - 0x00007ff9190e9000 	C:\WINDOWS\SYSTEM32\WSOCK32.dll
0x00007ff932cc0000 - 0x00007ff932d2b000 	C:\WINDOWS\System32\WS2_32.dll
0x00007ff92af70000 - 0x00007ff92af97000 	C:\WINDOWS\SYSTEM32\WINMM.dll
0x00007ff92b5c0000 - 0x00007ff92b5ca000 	C:\WINDOWS\SYSTEM32\VERSION.dll
0x00007ff92f5e0000 - 0x00007ff92f5f2000 	C:\WINDOWS\SYSTEM32\kernel.appcore.dll
0x00007ff913a60000 - 0x00007ff913a6a000 	C:\Program Files\Pylo\MCreator\jdk\bin\jimage.dll
0x00007ff92f3d0000 - 0x00007ff92f5b4000 	C:\WINDOWS\SYSTEM32\DBGHELP.DLL
0x00007ff919880000 - 0x00007ff9198b4000 	C:\WINDOWS\SYSTEM32\dbgcore.DLL
0x00007ff931a10000 - 0x00007ff931a92000 	C:\WINDOWS\System32\bcryptPrimitives.dll
0x00007ff913210000 - 0x00007ff913235000 	C:\Program Files\Pylo\MCreator\jdk\bin\java.dll
0x00007ff8f65a0000 - 0x00007ff8f6676000 	C:\Program Files\Pylo\MCreator\jdk\bin\jsvml.dll
0x00007ff933810000 - 0x00007ff933f54000 	C:\WINDOWS\System32\SHELL32.dll
0x00007ff92f750000 - 0x00007ff92feeb000 	C:\WINDOWS\SYSTEM32\windows.storage.dll
0x00007ff9326c0000 - 0x00007ff932a14000 	C:\WINDOWS\System32\combase.dll
0x00007ff9310d0000 - 0x00007ff9310fd000 	C:\WINDOWS\SYSTEM32\Wldp.dll
0x00007ff932010000 - 0x00007ff9320bd000 	C:\WINDOWS\System32\SHCORE.dll
0x00007ff932300000 - 0x00007ff932355000 	C:\WINDOWS\System32\shlwapi.dll
0x00007ff9315c0000 - 0x00007ff9315e5000 	C:\WINDOWS\SYSTEM32\profapi.dll
0x00007ff90fc60000 - 0x00007ff90fc79000 	C:\Program Files\Pylo\MCreator\jdk\bin\net.dll
0x00007ff925570000 - 0x00007ff92567a000 	C:\WINDOWS\SYSTEM32\WINHTTP.dll
0x00007ff930e30000 - 0x00007ff930e9a000 	C:\WINDOWS\system32\mswsock.dll
0x00007ff90fc40000 - 0x00007ff90fc55000 	C:\Program Files\Pylo\MCreator\jdk\bin\nio.dll
0x00007ff90fc20000 - 0x00007ff90fc38000 	C:\Program Files\Pylo\MCreator\jdk\bin\zip.dll
0x00007ff90a570000 - 0x00007ff90a580000 	C:\Program Files\Pylo\MCreator\jdk\bin\verify.dll

dbghelp: loaded successfully - version: 4.0.5 - missing functions: none
symbol engine: initialized successfully - sym options: 0x614 - pdb path: .;C:\Program Files\Pylo\MCreator\jdk\bin;C:\WINDOWS\SYSTEM32;C:\Program Files\Bitdefender\Bitdefender Security\bdhkm\dlls_266760019072103168;C:\Program Files\Bitdefender\Bitdefender Security\atcuf\dlls_266760019019490458;C:\WINDOWS\WinSxS\amd64_microsoft.windows.common-controls_6595b64144ccf1df_6.0.19041.3570_none_60bb2a3971f3e41a;C:\Program Files\Pylo\MCreator\jdk\bin\server

VM Arguments:
jvm_args: -Dfile.encoding=UTF-8 -Duser.country=US -Duser.language=en -Duser.variant 
java_command: net.md_5.specialsource.SpecialSource --in-jar C:\Users\nekoz\MCreatorWorkspaces\enemyexpansion\build\libs\modid-1.0.jar --out-jar C:\Users\nekoz\MCreatorWorkspaces\enemyexpansion\build\reobfJar\output.jar --srg-in C:\Users\nekoz\MCreatorWorkspaces\enemyexpansion\build\createMcpToSrg\output.tsrg --live
java_class_path (initial): C:\Users\nekoz\.mcreator\gradle\caches\forge_gradle\maven_downloader\net\md-5\SpecialSource\1.11.0\SpecialSource-1.11.0-shaded.jar;C:\Users\nekoz\.mcreator\gradle\caches\forge_gradle\deobf_dependencies\software\bernie\geckolib\geckolib-forge-1.19\3.1.40_mapped_official_1.19.2\geckolib-forge-1.19-3.1.40_mapped_official_1.19.2.jar;C:\Users\nekoz\.mcreator\gradle\caches\forge_gradle\minecraft_user_repo\net\minecraftforge\forge\1.19.2-43.2.0_mapped_official_1.19.2\forge-1.19.2-43.2.0_mapped_official_1.19.2-recomp.jar;C:\Users\nekoz\.mcreator\gradle\caches\forge_gradle\minecraft_repo\versions\1.19.2\client-extra.jar;C:\Users\nekoz\.mcreator\gradle\caches\modules-2\files-2.1\net.minecraftforge\fmlloader\1.19.2-43.2.0\3e6e8b7b5e1dbc6ee01a20f74675f223b64c7847\fmlloader-1.19.2-43.2.0.jar;C:\Users\nekoz\.mcreator\gradle\caches\modules-2\files-2.1\net.minecraftforge\JarJarSelector\0.3.16\2a31421fb5e267249da103a644f23afb43d158af\JarJarSelector-0.3.16.jar;C:\Users\nekoz\.mcreator\gradle\caches\modules-2\files-2.1\net.minecraftforge\JarJarMetadata\0.3.16\f62c8c898dffc8666f5097a8587ed72095e8e83a\JarJarMetadata-0.3.16.jar;C:\Users\nekoz\.mcreator\gradle\caches\modules-2\files-2.1\com.google.guava\guava\31.0.1-jre\119ea2b2bc205b138974d351777b20f02b92704b\guava-31.0.1-jre.jar;C:\Users\nekoz\.mcreator\gradle\caches\modules-2\files-2.1\com.google.code.findbugs\jsr305\3.0.2\25ea2e8b0c338a877313bd4672d3fe056ea78f0d\jsr305-3.0.2.jar;C:\Users\nekoz\.mcreator\gradle\caches\modules-2\files-2.1\ca.weblite\java-objc-bridge\1.1\1227f9e0666314f9de41477e3ec277e542ed7f7b\java-objc-bridge-1.1.jar;C:\Users\nekoz\.mcreator\gradle\caches\modules-2\files-2.1\net.minecraftforge\mergetool\1.1.5\f3da18e12c696d35a47c82cbb2cc8b5aa15e1154\mergetool-1.1.5-api.jar;C:\Users\nekoz\.mcreator\gradle\caches\modules-2\files-2.1\org.jetbrains\annotations\23.0.0\8cc20c07506ec18e0834947b84a864bfc094484e\annotations-23.0.0.jar;C:\Users\nekoz\.mcreator\gradle\caches\modules-2\files-2.1\cpw.mo
Launcher Type: SUN_STANDARD

[Global flags]
     intx CICompilerCount                          = 12                                        {product} {ergonomic}
     uint ConcGCThreads                            = 3                                         {product} {ergonomic}
     uint G1ConcRefinementThreads                  = 13                                        {product} {ergonomic}
   size_t G1HeapRegionSize                         = 2097152                                   {product} {ergonomic}
    uintx GCDrainStackTargetSize                   = 64                                        {product} {ergonomic}
   size_t InitialHeapSize                          = 268435456                                 {product} {ergonomic}
   size_t MarkStackSize                            = 4194304                                   {product} {ergonomic}
   size_t MaxHeapSize                              = 4278190080                                {product} {ergonomic}
   size_t MaxNewSize                               = 2566914048                                {product} {ergonomic}
   size_t MinHeapDeltaBytes                        = 2097152                                   {product} {ergonomic}
   size_t MinHeapSize                              = 8388608                                   {product} {ergonomic}
    uintx NonNMethodCodeHeapSize                   = 7602480                                {pd product} {ergonomic}
    uintx NonProfiledCodeHeapSize                  = 122027880                              {pd product} {ergonomic}
    uintx ProfiledCodeHeapSize                     = 122027880                              {pd product} {ergonomic}
    uintx ReservedCodeCacheSize                    = 251658240                              {pd product} {ergonomic}
     bool SegmentedCodeCache                       = true                                      {product} {ergonomic}
   size_t SoftMaxHeapSize                          = 4278190080                             {manageable} {ergonomic}
     bool UseCompressedClassPointers               = true                           {product lp64_product} {ergonomic}
     bool UseCompressedOops                        = true                           {product lp64_product} {ergonomic}
     bool UseG1GC                                  = true                                      {product} {ergonomic}
     bool UseLargePagesIndividualAllocation        = false                                  {pd product} {ergonomic}

Logging:
Log output configuration:
 #0: stdout all=warning uptime,level,tags
 #1: stderr all=off uptime,level,tags

Environment Variables:
JAVA_HOME=C:\Program Files\Pylo\MCreator\jdk
PATH=C:\Program Files (x86)\Common Files\Intel\Shared Libraries\redist\intel64\compiler;C:\Program Files\Common Files\Oracle\Java\javapath;C:\Program Files (x86)\Common Files\Oracle\Java\javapath;C:\Program Files\AdoptOpenJDK\jdk-11.0.11.9-hotspot\bin;C:\Program Files\AdoptOpenJDK\jdk-8.0.292.10-hotspot\bin;C:\WINDOWS\system32;C:\WINDOWS;C:\WINDOWS\System32\Wbem;C:\WINDOWS\System32\WindowsPowerShell\v1.0\;C:\WINDOWS\System32\OpenSSH\;C:\Program Files\nodejs\;C:\Program Files\dotnet\;C:\Program Files\ffmpeg;C:\Program Files (x86)\WinSCP\;C:/Program Files/Java/jdk-17.0.1/bin/\bin;C:\Program Files\Java\jdk-17.0.1\bin\;C:\Users\nekoz\AppData\Local\Programs\Python\Python39\Scripts\;C:\Users\nekoz\AppData\Local\Programs\Python\Python39\;C:\Users\nekoz\AppData\Local\Microsoft\WindowsApps;C:\Users\nekoz\AppData\Local\GitHubDesktop\bin;C:\Program Files\JetBrains\IntelliJ IDEA Community Edition 2021.1\bin;C:\Users\nekoz\AppData\Roaming\npm;C:\Users\nekoz\AppData\Local\Programs\Microsoft VS Code\bin;C:\Users\nekoz\AppData\Local\gitkraken\bin;C:\Users\nekoz\.dotnet\tools;C:\Program Files\Pylo\MCreator\jdk\bin
USERNAME=nekoz
OS=Windows_NT
PROCESSOR_IDENTIFIER=AMD64 Family 23 Model 1 Stepping 1, AuthenticAMD
TMP=C:\Users\nekoz\AppData\Local\Temp
TEMP=C:\Users\nekoz\AppData\Local\Temp



---------------  S Y S T E M  ---------------

OS:
 Windows 10 , 64 bit Build 19041 (10.0.19041.3570)
OS uptime: 1 days 14:16 hours

CPU: total 16 (initial active 16) (16 cores per cpu, 2 threads per core) family 23 model 1 stepping 1 microcode 0x0, cx8, cmov, fxsr, ht, mmx, 3dnowpref, sse, sse2, sse3, ssse3, sse4a, sse4.1, sse4.2, popcnt, lzcnt, tsc, tscinvbit, avx, avx2, aes, clmul, bmi1, bmi2, adx, sha, fma, vzeroupper, clflush, clflushopt

Memory: 4k page, system-wide physical 16314M (4871M free)
TotalPageFile size 30711M (AvailPageFile size 11929M)
current process WorkingSet (physical memory assigned to process): 371M, peak: 382M
current process commit charge ("private bytes"): 650M, peak: 669M

vm_info: OpenJDK 64-Bit Server VM (17.0.5+8) for windows-amd64 JRE (17.0.5+8), built on Oct 19 2022 04:48:13 by "temurin" with MS VC++ 16.7 (VS2019)

END.
