#
# A fatal error has been detected by the Java Runtime Environment:
#
#  EXCEPTION_ACCESS_VIOLATION (0xc0000005) at pc=0x00000218f1217c10, pid=25752, tid=23676
#
# JRE version: OpenJDK Runtime Environment Temurin-17.0.5+8 (17.0.5+8) (build 17.0.5+8)
# Java VM: OpenJDK 64-Bit Server VM Temurin-17.0.5+8 (17.0.5+8, mixed mode, sharing, tiered, compressed oops, compressed class ptrs, g1 gc, windows-amd64)
# Problematic frame:
# C  0x00000218f1217c10
#
# No core dump will be written. Minidumps are not enabled by default on client versions of Windows
#
# If you would like to submit a bug report, please visit:
#   https://github.com/adoptium/adoptium-support/issues
#

---------------  S U M M A R Y ------------

Command Line: -Dforge.enableGameTest=true -Dforge.logging.console.level=debug -Dforge.logging.markers=REGISTRIES -DignoreList=bootstraplauncher,securejarhandler,asm-commons,asm-util,asm-analysis,asm-tree,asm,JarJarFileSystems,client-extra,fmlcore,javafmllanguage,lowcodelanguage,mclanguage,forge- -Djava.net.preferIPv6Addresses=system -DlegacyClassPath.file=C:\Users\nekoz\MCreatorWorkspaces\enemyexpansion\build\classpath\runClient_minecraftClasspath.txt -DmergeModules=jna-5.10.0.jar,jna-platform-5.10.0.jar -Dmixin.env.refMapRemappingFile=C:\Users\nekoz\MCreatorWorkspaces\enemyexpansion\build/createSrgToMcp/output.srg -Dmixin.env.remapRefMap=true -Dos.version=10.0 --module-path=C:\Users\nekoz\.mcreator\gradle\caches\modules-2\files-2.1\cpw.mods\bootstraplauncher\1.1.2\c546e00443d8432cda6baa1c860346980742628\bootstraplauncher-1.1.2.jar;C:\Users\nekoz\.mcreator\gradle\caches\modules-2\files-2.1\cpw.mods\securejarhandler\2.1.4\f47e3b9dd860a7b82154b8f90a650ffd0aaa5582\securejarhandler-2.1.4.jar;C:\Users\nekoz\.mcreator\gradle\caches\modules-2\files-2.1\org.ow2.asm\asm-commons\9.3\1f2a432d1212f5c352ae607d7b61dcae20c20af5\asm-commons-9.3.jar;C:\Users\nekoz\.mcreator\gradle\caches\modules-2\files-2.1\org.ow2.asm\asm-util\9.3\9595bc05510d0bd4b610188b77333fe4851a1975\asm-util-9.3.jar;C:\Users\nekoz\.mcreator\gradle\caches\modules-2\files-2.1\org.ow2.asm\asm-analysis\9.3\4b071f211b37c38e0e9f5998550197c8593f6ad8\asm-analysis-9.3.jar;C:\Users\nekoz\.mcreator\gradle\caches\modules-2\files-2.1\org.ow2.asm\asm-tree\9.3\78d2ecd61318b5a58cd04fb237636c0e86b77d97\asm-tree-9.3.jar;C:\Users\nekoz\.mcreator\gradle\caches\modules-2\files-2.1\org.ow2.asm\asm\9.3\8e6300ef51c1d801a7ed62d07cd221aca3a90640\asm-9.3.jar;C:\Users\nekoz\.mcreator\gradle\caches\modules-2\files-2.1\net.minecraftforge\JarJarFileSystems\0.3.16\e52afbb2599dc7c6f779efea0496d32fc01152e3\JarJarFileSystems-0.3.16.jar --add-modules=ALL-MODULE-PATH --add-opens=java.base/java.util.jar=cpw.mods.securejarhandler --add-opens=java.base/java.lang.invoke=cpw.mods.securejarhandler --add-exports=java.base/sun.security.util=cpw.mods.securejarhandler --add-exports=jdk.naming.dns/com.sun.jndi.dns=java.naming -XX:HeapDumpPath=MojangTricksIntelDriversForPerformance_javaw.exe_minecraft.exe.heapdump -Dos.name=Windows 10 -Dfile.encoding=UTF-8 -Duser.country=US -Duser.language=en -Duser.variant cpw.mods.bootstraplauncher.BootstrapLauncher --launchTarget forgeclientuserdev --version MOD_DEV --assetIndex 1.19 --assetsDir C:\Users\nekoz\.mcreator\gradle\caches\forge_gradle\assets --gameDir . --fml.forgeVersion 43.2.0 --fml.mcVersion 1.19.2 --fml.forgeGroup net.minecraftforge --fml.mcpVersion 20220805.130853

Host: AMD Ryzen 7 1700 Eight-Core Processor          , 16 cores, 15G,  Windows 10 , 64 bit Build 19041 (10.0.19041.3570)
Time: Wed Nov  8 20:40:52 2023 GMT Standard Time elapsed time: 10.696143 seconds (0d 0h 0m 10s)

---------------  T H R E A D  ---------------

Current thread (0x00000218ebe09fb0):  JavaThread "C2 CompilerThread3" daemon [_thread_in_native, id=23676, stack(0x0000007ef5800000,0x0000007ef5900000)]


Current CompileTask:
C2:  10696 9514       4       org.objectweb.asm.ClassReader::readCode (5109 bytes)

Stack: [0x0000007ef5800000,0x0000007ef5900000],  sp=0x0000007ef58fa298,  free space=1000k
Native frames: (J=compiled Java code, j=interpreted, Vv=VM code, C=native code)
C  0x00000218f1217c10


siginfo: EXCEPTION_ACCESS_VIOLATION (0xc0000005), data execution prevention violation at address 0x00000218f1217c10


Register to memory mapping:

RIP=0x00000218f1217c10 points into unknown readable memory: 0x00007ff870ae3598 | 98 35 ae 70 f8 7f 00 00
RAX=0x00000218edda2210 points into unknown readable memory: 0x00007ff870b67690 | 90 76 b6 70 f8 7f 00 00
RBX=0x00000218ef1bc660 points into unknown readable memory: 0x00000218edda2210 | 10 22 da ed 18 02 00 00
RCX=0x00000218ef1bc660 points into unknown readable memory: 0x00000218edda2210 | 10 22 da ed 18 02 00 00
RDX=0x00000218ef8d9910 points into unknown readable memory: 0xdfefe1effcff3bff | ff 3b ff fc ef e1 ef df
RSP=0x0000007ef58fa298 is pointing into the stack for thread: 0x00000218ebe09fb0
RBP=0x0000007ef58fa680 is pointing into the stack for thread: 0x00000218ebe09fb0
RSI=0x0000000000000001 is an unknown value
RDI=0x0 is NULL
R8 =0x0000000000000002 is an unknown value
R9 =0x0000000000000002 is an unknown value
R10=0x00000218ef8d98d0 points into unknown readable memory: 0x00000218ea81c518 | 18 c5 81 ea 18 02 00 00
R11=0x00000218ef8db110 points into unknown readable memory: 0x00000218ee0f88d0 | d0 88 0f ee 18 02 00 00
R12=0x0000000000000031 is an unknown value
R13=0x0000007ef58fa330 is pointing into the stack for thread: 0x00000218ebe09fb0
R14=0x00000218eb742808 points into unknown readable memory: 0x00007ff870b67690 | 90 76 b6 70 f8 7f 00 00
R15=0x0000007ef58fa350 is pointing into the stack for thread: 0x00000218ebe09fb0


Registers:
RAX=0x00000218edda2210, RBX=0x00000218ef1bc660, RCX=0x00000218ef1bc660, RDX=0x00000218ef8d9910
RSP=0x0000007ef58fa298, RBP=0x0000007ef58fa680, RSI=0x0000000000000001, RDI=0x0000000000000000
R8 =0x0000000000000002, R9 =0x0000000000000002, R10=0x00000218ef8d98d0, R11=0x00000218ef8db110
R12=0x0000000000000031, R13=0x0000007ef58fa330, R14=0x00000218eb742808, R15=0x0000007ef58fa350
RIP=0x00000218f1217c10, EFLAGS=0x0000000000010206

Top of Stack: (sp=0x0000007ef58fa298)
0x0000007ef58fa298:   00007ff87074e323 00000218ef1bd598
0x0000007ef58fa2a8:   0000007ef58fa680 000000000000009a
0x0000007ef58fa2b8:   00007ff8709eabee 00000218ef99a6d0
0x0000007ef58fa2c8:   00000218c43c5b00 0000000000000000
0x0000007ef58fa2d8:   0000000000000001 00000218ef99a6a0
0x0000007ef58fa2e8:   000000000009c800 0000007ef58fa400
0x0000007ef58fa2f8:   00007ff87074d827 0000007ef58fa680
0x0000007ef58fa308:   0000007ef58fa350 000002180000003c
0x0000007ef58fa318:   0000007ef58fa370 0000000000000000
0x0000007ef58fa328:   0000000000000000 00000218ef454050
0x0000007ef58fa338:   0000000000000200 00000218ef8da910
0x0000007ef58fa348:   0000021800000069 0000000000000400
0x0000007ef58fa358:   00000218ef8d9910 0000021800000400
0x0000007ef58fa368:   00000218ef454050 00000218f0f52f70
0x0000007ef58fa378:   00000218f0f6de10 00000218f0f52f70
0x0000007ef58fa388:   00000218ef454050 00000218ef454050 

Instructions: (pc=0x00000218f1217c10)
0x00000218f1217b10:   00 00 00 00 20 00 00 00 d2 49 00 00 0c 00 00 00
0x00000218f1217b20:   00 00 00 00 18 02 00 00 18 a7 70 ea 18 02 00 00
0x00000218f1217b30:   c8 b5 d4 f4 18 02 00 00 ff ff ff ff ff ff ff ff
0x00000218f1217b40:   01 00 00 00 00 6c ca 88 00 00 00 00 00 00 00 00
0x00000218f1217b50:   00 00 00 00 00 00 00 00 00 00 00 00 00 00 00 00
0x00000218f1217b60:   68 47 e7 ed 18 02 00 00 a0 91 21 f1 18 02 00 00
0x00000218f1217b70:   10 99 21 f1 18 02 00 00 58 a3 21 f1 18 02 00 00
0x00000218f1217b80:   98 35 ae 70 f8 7f 00 00 d8 7b 21 f1 18 02 00 00
0x00000218f1217b90:   00 83 3a f6 18 02 00 00 02 00 00 00 03 00 00 00
0x00000218f1217ba0:   00 00 00 00 20 00 00 00 d3 49 00 00 0c 00 00 00
0x00000218f1217bb0:   00 00 00 00 18 02 00 00 18 a7 70 ea 18 02 00 00
0x00000218f1217bc0:   a8 b6 d4 f4 18 02 00 00 ff ff ff ff ff ff ff ff
0x00000218f1217bd0:   01 00 00 00 00 6c ca 88 00 00 00 00 00 00 00 00
0x00000218f1217be0:   00 00 00 00 00 00 00 00 00 00 00 00 00 00 00 00
0x00000218f1217bf0:   68 47 e7 ed 18 02 00 00 a0 91 21 f1 18 02 00 00
0x00000218f1217c00:   10 99 21 f1 18 02 00 00 58 a3 21 f1 18 02 00 00
0x00000218f1217c10:   98 35 ae 70 f8 7f 00 00 68 7c 21 f1 18 02 00 00
0x00000218f1217c20:   00 84 3a f6 18 02 00 00 02 00 00 00 03 00 00 00
0x00000218f1217c30:   00 00 00 00 20 00 00 00 d4 49 00 00 0c 00 00 00
0x00000218f1217c40:   00 00 00 00 18 02 00 00 18 a7 70 ea 18 02 00 00
0x00000218f1217c50:   48 b7 d4 f4 18 02 00 00 ff ff ff ff ff ff ff ff
0x00000218f1217c60:   01 00 00 00 00 6c ca 88 00 00 00 00 00 00 00 00
0x00000218f1217c70:   00 00 00 00 00 00 00 00 00 00 00 00 00 00 00 00
0x00000218f1217c80:   68 47 e7 ed 18 02 00 00 a0 91 21 f1 18 02 00 00
0x00000218f1217c90:   10 99 21 f1 18 02 00 00 58 a3 21 f1 18 02 00 00
0x00000218f1217ca0:   98 35 ae 70 f8 7f 00 00 f8 7c 21 f1 18 02 00 00
0x00000218f1217cb0:   00 85 3a f6 18 02 00 00 02 00 00 00 03 00 00 00
0x00000218f1217cc0:   00 00 00 00 20 00 00 00 d5 49 00 00 0c 00 00 00
0x00000218f1217cd0:   00 00 00 00 18 02 00 00 18 a7 70 ea 18 02 00 00
0x00000218f1217ce0:   28 b8 d4 f4 18 02 00 00 ff ff ff ff ff ff ff ff
0x00000218f1217cf0:   01 00 00 00 00 6c ca 88 00 00 00 00 00 00 00 00
0x00000218f1217d00:   00 00 00 00 00 00 00 00 00 00 00 00 00 00 00 00 


Stack slot to memory mapping:
stack at sp + 0 slots: 0x00007ff87074e323 jvm.dll
stack at sp + 1 slots: 0x00000218ef1bd598 points into unknown readable memory: 0x00007ff870ae3598 | 98 35 ae 70 f8 7f 00 00
stack at sp + 2 slots: 0x0000007ef58fa680 is pointing into the stack for thread: 0x00000218ebe09fb0
stack at sp + 3 slots: 0x000000000000009a is an unknown value
stack at sp + 4 slots: 0x00007ff8709eabee jvm.dll
stack at sp + 5 slots: 0x00000218ef99a6d0 points into unknown readable memory: 0x8000000b00000001 | 01 00 00 00 0b 00 00 80
stack at sp + 6 slots: 0x00000218c43c5b00 points into unknown readable memory: 0x00007ff870b1df30 | 30 df b1 70 f8 7f 00 00
stack at sp + 7 slots: 0x0 is NULL


---------------  P R O C E S S  ---------------

Threads class SMR info:
_java_thread_list=0x00000218edb860a0, length=25, elements={
0x00000218c43b2140, 0x00000218e9fb34a0, 0x00000218e9fb70e0, 0x00000218e9fc94f0,
0x00000218e9fc9fb0, 0x00000218e9fcce90, 0x00000218e9fcfe20, 0x00000218e9fdd850,
0x00000218e9fde200, 0x00000218ea6dc390, 0x00000218ea7605c0, 0x00000218e9fcf480,
0x00000218e9fce140, 0x00000218eb990540, 0x00000218eb72e1a0, 0x00000218ee5c2930,
0x00000218ed360ff0, 0x00000218e9fceae0, 0x00000218e9fcdc70, 0x00000218e9fcefb0,
0x00000218f4a5fe30, 0x00000218ebe09fb0, 0x00000218ebe08660, 0x00000218ebe0a9d0,
0x00000218ebe0a4c0
}

Java Threads: ( => current thread )
  0x00000218c43b2140 JavaThread "main" [_thread_blocked, id=14496, stack(0x0000007ef3a00000,0x0000007ef3b00000)]
  0x00000218e9fb34a0 JavaThread "Reference Handler" daemon [_thread_blocked, id=31296, stack(0x0000007ef4100000,0x0000007ef4200000)]
  0x00000218e9fb70e0 JavaThread "Finalizer" daemon [_thread_blocked, id=12392, stack(0x0000007ef4200000,0x0000007ef4300000)]
  0x00000218e9fc94f0 JavaThread "Signal Dispatcher" daemon [_thread_blocked, id=17660, stack(0x0000007ef4300000,0x0000007ef4400000)]
  0x00000218e9fc9fb0 JavaThread "Attach Listener" daemon [_thread_blocked, id=29372, stack(0x0000007ef4400000,0x0000007ef4500000)]
  0x00000218e9fcce90 JavaThread "Service Thread" daemon [_thread_blocked, id=26912, stack(0x0000007ef4500000,0x0000007ef4600000)]
  0x00000218e9fcfe20 JavaThread "Monitor Deflation Thread" daemon [_thread_blocked, id=23616, stack(0x0000007ef4600000,0x0000007ef4700000)]
  0x00000218e9fdd850 JavaThread "C2 CompilerThread0" daemon [_thread_blocked, id=23380, stack(0x0000007ef4700000,0x0000007ef4800000)]
  0x00000218e9fde200 JavaThread "C1 CompilerThread0" daemon [_thread_blocked, id=28260, stack(0x0000007ef4800000,0x0000007ef4900000)]
  0x00000218ea6dc390 JavaThread "Sweeper thread" daemon [_thread_blocked, id=32252, stack(0x0000007ef4900000,0x0000007ef4a00000)]
  0x00000218ea7605c0 JavaThread "C1 CompilerThread1" daemon [_thread_blocked, id=21688, stack(0x0000007ef4a00000,0x0000007ef4b00000)]
  0x00000218e9fcf480 JavaThread "Common-Cleaner" daemon [_thread_blocked, id=22148, stack(0x0000007ef4b00000,0x0000007ef4c00000)]
  0x00000218e9fce140 JavaThread "Notification Thread" daemon [_thread_blocked, id=32092, stack(0x0000007ef4d00000,0x0000007ef4e00000)]
  0x00000218eb990540 JavaThread "C1 CompilerThread2" daemon [_thread_in_native, id=19668, stack(0x0000007ef4f00000,0x0000007ef5000000)]
  0x00000218eb72e1a0 JavaThread "C1 CompilerThread3" daemon [_thread_blocked, id=19132, stack(0x0000007ef5000000,0x0000007ef5100000)]
  0x00000218ee5c2930 JavaThread "C2 CompilerThread1" daemon [_thread_in_native, id=11684, stack(0x0000007ef4c00000,0x0000007ef4d00000)]
  0x00000218ed360ff0 JavaThread "C2 CompilerThread2" daemon [_thread_in_native, id=31852, stack(0x0000007ef5100000,0x0000007ef5200000)]
  0x00000218e9fceae0 JavaThread "Thread-0" daemon [_thread_blocked, id=17768, stack(0x0000007ef5a00000,0x0000007ef5b00000)]
  0x00000218e9fcdc70 JavaThread "FileSystemWatchService" daemon [_thread_in_native, id=28076, stack(0x0000007ef5b00000,0x0000007ef5c00000)]
  0x00000218e9fcefb0 JavaThread "pool-2-thread-1" daemon [_thread_blocked, id=28484, stack(0x0000007ef6700000,0x0000007ef6800000)]
  0x00000218f4a5fe30 JavaThread "pool-3-thread-1" [_thread_in_Java, id=4732, stack(0x0000007ef5700000,0x0000007ef5800000)]
=>0x00000218ebe09fb0 JavaThread "C2 CompilerThread3" daemon [_thread_in_native, id=23676, stack(0x0000007ef5800000,0x0000007ef5900000)]
  0x00000218ebe08660 JavaThread "C2 CompilerThread4" daemon [_thread_in_native, id=13712, stack(0x0000007ef5d00000,0x0000007ef5e00000)]
  0x00000218ebe0a9d0 JavaThread "C2 CompilerThread5" daemon [_thread_in_native, id=11896, stack(0x0000007ef6500000,0x0000007ef6600000)]
  0x00000218ebe0a4c0 JavaThread "C2 CompilerThread6" daemon [_thread_blocked, id=8152, stack(0x0000007ef6b00000,0x0000007ef6c00000)]

Other Threads:
  0x00000218e9fad980 VMThread "VM Thread" [stack: 0x0000007ef4000000,0x0000007ef4100000] [id=20740]
  0x00000218ea920490 WatcherThread [stack: 0x0000007ef4e00000,0x0000007ef4f00000] [id=20540]
  0x00000218c4420380 GCTaskThread "GC Thread#0" [stack: 0x0000007ef3b00000,0x0000007ef3c00000] [id=30264]
  0x00000218ebaab040 GCTaskThread "GC Thread#1" [stack: 0x0000007ef5200000,0x0000007ef5300000] [id=30356]
  0x00000218ebaab700 GCTaskThread "GC Thread#2" [stack: 0x0000007ef5300000,0x0000007ef5400000] [id=15232]
  0x00000218ebaabbc0 GCTaskThread "GC Thread#3" [stack: 0x0000007ef5400000,0x0000007ef5500000] [id=33784]
  0x00000218eb712670 GCTaskThread "GC Thread#4" [stack: 0x0000007ef5500000,0x0000007ef5600000] [id=32728]
  0x00000218eb713540 GCTaskThread "GC Thread#5" [stack: 0x0000007ef5600000,0x0000007ef5700000] [id=21736]
  0x00000218eee74f40 GCTaskThread "GC Thread#6" [stack: 0x0000007ef5c00000,0x0000007ef5d00000] [id=31964]
  0x00000218ee09eb30 GCTaskThread "GC Thread#7" [stack: 0x0000007ef5900000,0x0000007ef5a00000] [id=4324]
  0x00000218efdc2770 GCTaskThread "GC Thread#8" [stack: 0x0000007ef6000000,0x0000007ef6100000] [id=28432]
  0x00000218ee8e1000 GCTaskThread "GC Thread#9" [stack: 0x0000007ef6100000,0x0000007ef6200000] [id=5552]
  0x00000218eef2e0e0 GCTaskThread "GC Thread#10" [stack: 0x0000007ef6200000,0x0000007ef6300000] [id=12040]
  0x00000218eef2ce10 GCTaskThread "GC Thread#11" [stack: 0x0000007ef6300000,0x0000007ef6400000] [id=21808]
  0x00000218eef2e390 GCTaskThread "GC Thread#12" [stack: 0x0000007ef6400000,0x0000007ef6500000] [id=31316]
  0x00000218c44310d0 ConcurrentGCThread "G1 Main Marker" [stack: 0x0000007ef3c00000,0x0000007ef3d00000] [id=20912]
  0x00000218c4432190 ConcurrentGCThread "G1 Conc#0" [stack: 0x0000007ef3d00000,0x0000007ef3e00000] [id=28460]
  0x00000218eef2e640 ConcurrentGCThread "G1 Conc#1" [stack: 0x0000007ef5e00000,0x0000007ef5f00000] [id=29020]
  0x00000218eef2d8d0 ConcurrentGCThread "G1 Conc#2" [stack: 0x0000007ef5f00000,0x0000007ef6000000] [id=22008]
  0x00000218e9eee490 ConcurrentGCThread "G1 Refine#0" [stack: 0x0000007ef3e00000,0x0000007ef3f00000] [id=32440]
  0x00000218f0521e00 ConcurrentGCThread "G1 Refine#1" [stack: 0x0000007ef6600000,0x0000007ef6700000] [id=24772]
  0x00000218f051ed20 ConcurrentGCThread "G1 Refine#2" [stack: 0x0000007ef6d00000,0x0000007ef6e00000] [id=32344]
  0x00000218f051fb80 ConcurrentGCThread "G1 Refine#3" [stack: 0x0000007ef6e00000,0x0000007ef6f00000] [id=28140]
  0x00000218f05223c0 ConcurrentGCThread "G1 Refine#4" [stack: 0x0000007ef6f00000,0x0000007ef7000000] [id=29740]
  0x00000218f051f000 ConcurrentGCThread "G1 Refine#5" [stack: 0x0000007ef7000000,0x0000007ef7100000] [id=10992]
  0x00000218f05226a0 ConcurrentGCThread "G1 Refine#6" [stack: 0x0000007ef7100000,0x0000007ef7200000] [id=20904]
  0x00000218e9eeedc0 ConcurrentGCThread "G1 Service" [stack: 0x0000007ef3f00000,0x0000007ef4000000] [id=2128]

Threads with active compile tasks:
C2 CompilerThread1    10806 9813       4       jdk.internal.org.objectweb.asm.MethodWriter::putMethodInfo (1274 bytes)
C2 CompilerThread2    10806 9358  s!   4       org.spongepowered.asm.mixin.transformer.MixinProcessor::applyMixins (809 bytes)
C2 CompilerThread3    10806 9514       4       org.objectweb.asm.ClassReader::readCode (5109 bytes)
C2 CompilerThread4    10806 9859       4       net.minecraft.util.datafix.schemas.V100::equipment (32 bytes)

VM state: not at safepoint (normal execution)

VM Mutex/Monitor currently owned by a thread: None

Heap address: 0x0000000701000000, size: 4080 MB, Compressed Oops mode: Zero based, Oop shift amount: 3

CDS archive(s) mapped at: [0x0000000800000000-0x0000000800bc0000-0x0000000800bc0000), size 12320768, SharedBaseAddress: 0x0000000800000000, ArchiveRelocationMode: 0.
Compressed class space mapped at: 0x0000000800c00000-0x0000000840c00000, reserved size: 1073741824
Narrow klass base: 0x0000000800000000, Narrow klass shift: 0, Narrow klass range: 0x100000000

GC Precious Log:
 CPUs: 16 total, 16 available
 Memory: 16314M
 Large Page Support: Disabled
 NUMA Support: Disabled
 Compressed Oops: Enabled (Zero based)
 Heap Region Size: 2M
 Heap Min Capacity: 8M
 Heap Initial Capacity: 256M
 Heap Max Capacity: 4080M
 Pre-touch: Disabled
 Parallel Workers: 13
 Concurrent Workers: 3
 Concurrent Refinement Workers: 13
 Periodic GC: Disabled

Heap:
 garbage-first heap   total 337920K, used 178770K [0x0000000701000000, 0x0000000800000000)
  region size 2048K, 15 young (30720K), 9 survivors (18432K)
 Metaspace       used 50318K, committed 51392K, reserved 1097728K
  class space    used 6724K, committed 7232K, reserved 1048576K

Heap Regions: E=young(eden), S=young(survivor), O=old, HS=humongous(starts), HC=humongous(continues), CS=collection set, F=free, OA=open archive, CA=closed archive, TAMS=top-at-mark-start (previous, next)
|   0|0x0000000701000000, 0x0000000701200000, 0x0000000701200000|100%|HS|  |TAMS 0x0000000701200000, 0x0000000701000000| Complete 
|   1|0x0000000701200000, 0x0000000701400000, 0x0000000701400000|100%| O|  |TAMS 0x0000000701400000, 0x0000000701200000| Untracked 
|   2|0x0000000701400000, 0x0000000701600000, 0x0000000701600000|100%|HS|  |TAMS 0x0000000701600000, 0x0000000701400000| Complete 
|   3|0x0000000701600000, 0x0000000701800000, 0x0000000701800000|100%| O|  |TAMS 0x0000000701800000, 0x0000000701600000| Untracked 
|   4|0x0000000701800000, 0x0000000701a00000, 0x0000000701a00000|100%| O|  |TAMS 0x0000000701a00000, 0x0000000701800000| Untracked 
|   5|0x0000000701a00000, 0x0000000701c00000, 0x0000000701c00000|100%| O|  |TAMS 0x0000000701c00000, 0x0000000701a00000| Untracked 
|   6|0x0000000701c00000, 0x0000000701e00000, 0x0000000701e00000|100%|HS|  |TAMS 0x0000000701e00000, 0x0000000701c00000| Complete 
|   7|0x0000000701e00000, 0x0000000702000000, 0x0000000702000000|100%|HS|  |TAMS 0x0000000702000000, 0x0000000701e00000| Complete 
|   8|0x0000000702000000, 0x0000000702200000, 0x0000000702200000|100%| O|  |TAMS 0x0000000702200000, 0x0000000702000000| Untracked 
|   9|0x0000000702200000, 0x0000000702400000, 0x0000000702400000|100%| O|  |TAMS 0x0000000702400000, 0x0000000702200000| Untracked 
|  10|0x0000000702400000, 0x0000000702600000, 0x0000000702600000|100%| O|  |TAMS 0x0000000702600000, 0x0000000702400000| Untracked 
|  11|0x0000000702600000, 0x0000000702800000, 0x0000000702800000|100%| O|  |TAMS 0x0000000702800000, 0x0000000702600000| Untracked 
|  12|0x0000000702800000, 0x0000000702a00000, 0x0000000702a00000|100%|HS|  |TAMS 0x0000000702a00000, 0x0000000702800000| Complete 
|  13|0x0000000702a00000, 0x0000000702c00000, 0x0000000702c00000|100%| O|  |TAMS 0x0000000702c00000, 0x0000000702a00000| Untracked 
|  14|0x0000000702c00000, 0x0000000702e00000, 0x0000000702e00000|100%| O|  |TAMS 0x0000000702e00000, 0x0000000702c00000| Untracked 
|  15|0x0000000702e00000, 0x0000000703000000, 0x0000000703000000|100%| O|  |TAMS 0x0000000703000000, 0x0000000702e00000| Untracked 
|  16|0x0000000703000000, 0x0000000703200000, 0x0000000703200000|100%| O|  |TAMS 0x0000000703200000, 0x0000000703000000| Untracked 
|  17|0x0000000703200000, 0x0000000703400000, 0x0000000703400000|100%| O|  |TAMS 0x0000000703400000, 0x0000000703200000| Untracked 
|  18|0x0000000703400000, 0x0000000703600000, 0x0000000703600000|100%| O|  |TAMS 0x0000000703600000, 0x0000000703400000| Untracked 
|  19|0x0000000703600000, 0x0000000703800000, 0x0000000703800000|100%| O|  |TAMS 0x0000000703800000, 0x0000000703600000| Untracked 
|  20|0x0000000703800000, 0x0000000703a00000, 0x0000000703a00000|100%| O|  |TAMS 0x0000000703a00000, 0x0000000703800000| Untracked 
|  21|0x0000000703a00000, 0x0000000703c00000, 0x0000000703c00000|100%| O|  |TAMS 0x0000000703c00000, 0x0000000703a00000| Untracked 
|  22|0x0000000703c00000, 0x0000000703e00000, 0x0000000703e00000|100%| O|  |TAMS 0x0000000703e00000, 0x0000000703c00000| Untracked 
|  23|0x0000000703e00000, 0x0000000704000000, 0x0000000704000000|100%| O|  |TAMS 0x0000000704000000, 0x0000000703e00000| Untracked 
|  24|0x0000000704000000, 0x0000000704200000, 0x0000000704200000|100%| O|  |TAMS 0x0000000704200000, 0x0000000704000000| Untracked 
|  25|0x0000000704200000, 0x0000000704400000, 0x0000000704400000|100%| O|  |TAMS 0x0000000704400000, 0x0000000704200000| Untracked 
|  26|0x0000000704400000, 0x0000000704600000, 0x0000000704600000|100%| O|  |TAMS 0x0000000704600000, 0x0000000704400000| Untracked 
|  27|0x0000000704600000, 0x0000000704800000, 0x0000000704800000|100%| O|  |TAMS 0x0000000704800000, 0x0000000704600000| Untracked 
|  28|0x0000000704800000, 0x0000000704a00000, 0x0000000704a00000|100%| O|  |TAMS 0x0000000704a00000, 0x0000000704800000| Untracked 
|  29|0x0000000704a00000, 0x0000000704c00000, 0x0000000704c00000|100%| O|  |TAMS 0x0000000704c00000, 0x0000000704a00000| Untracked 
|  30|0x0000000704c00000, 0x0000000704e00000, 0x0000000704e00000|100%| O|  |TAMS 0x0000000704e00000, 0x0000000704c00000| Untracked 
|  31|0x0000000704e00000, 0x0000000704e94a00, 0x0000000705000000| 29%| O|  |TAMS 0x0000000704e94a00, 0x0000000704e00000| Untracked 
|  32|0x0000000705000000, 0x0000000705200000, 0x0000000705200000|100%| O|  |TAMS 0x0000000705200000, 0x0000000705000000| Untracked 
|  33|0x0000000705200000, 0x0000000705400000, 0x0000000705400000|100%| O|  |TAMS 0x0000000705400000, 0x0000000705200000| Untracked 
|  34|0x0000000705400000, 0x0000000705600000, 0x0000000705600000|100%| O|  |TAMS 0x0000000705600000, 0x0000000705400000| Untracked 
|  35|0x0000000705600000, 0x0000000705800000, 0x0000000705800000|100%| O|  |TAMS 0x0000000705800000, 0x0000000705600000| Untracked 
|  36|0x0000000705800000, 0x0000000705a00000, 0x0000000705a00000|100%| O|  |TAMS 0x0000000705a00000, 0x0000000705800000| Untracked 
|  37|0x0000000705a00000, 0x0000000705c00000, 0x0000000705c00000|100%| O|  |TAMS 0x0000000705c00000, 0x0000000705a00000| Untracked 
|  38|0x0000000705c00000, 0x0000000705e00000, 0x0000000705e00000|100%| O|  |TAMS 0x0000000705e00000, 0x0000000705c00000| Untracked 
|  39|0x0000000705e00000, 0x0000000706000000, 0x0000000706000000|100%| O|  |TAMS 0x0000000706000000, 0x0000000705e00000| Untracked 
|  40|0x0000000706000000, 0x0000000706200000, 0x0000000706200000|100%|HS|  |TAMS 0x0000000706200000, 0x0000000706000000| Complete 
|  41|0x0000000706200000, 0x0000000706400000, 0x0000000706400000|100%|HC|  |TAMS 0x0000000706400000, 0x0000000706200000| Complete 
|  42|0x0000000706400000, 0x0000000706600000, 0x0000000706600000|100%|HC|  |TAMS 0x0000000706600000, 0x0000000706400000| Complete 
|  43|0x0000000706600000, 0x0000000706800000, 0x0000000706800000|100%|HC|  |TAMS 0x0000000706800000, 0x0000000706600000| Complete 
|  44|0x0000000706800000, 0x0000000706a00000, 0x0000000706a00000|100%|HC|  |TAMS 0x0000000706a00000, 0x0000000706800000| Complete 
|  45|0x0000000706a00000, 0x0000000706c00000, 0x0000000706c00000|100%|HC|  |TAMS 0x0000000706c00000, 0x0000000706a00000| Complete 
|  46|0x0000000706c00000, 0x0000000706e00000, 0x0000000706e00000|100%| O|  |TAMS 0x0000000706e00000, 0x0000000706c00000| Untracked 
|  47|0x0000000706e00000, 0x0000000707000000, 0x0000000707000000|100%| O|  |TAMS 0x0000000707000000, 0x0000000706e00000| Untracked 
|  48|0x0000000707000000, 0x0000000707200000, 0x0000000707200000|100%| O|  |TAMS 0x0000000707200000, 0x0000000707000000| Untracked 
|  49|0x0000000707200000, 0x0000000707400000, 0x0000000707400000|100%| O|  |TAMS 0x00000007072ea600, 0x0000000707200000| Untracked 
|  50|0x0000000707400000, 0x0000000707600000, 0x0000000707600000|100%| O|  |TAMS 0x0000000707400000, 0x0000000707400000| Untracked 
|  51|0x0000000707600000, 0x0000000707800000, 0x0000000707800000|100%| O|  |TAMS 0x0000000707600000, 0x0000000707600000| Untracked 
|  52|0x0000000707800000, 0x0000000707a00000, 0x0000000707a00000|100%| O|  |TAMS 0x0000000707800000, 0x0000000707800000| Untracked 
|  53|0x0000000707a00000, 0x0000000707c00000, 0x0000000707c00000|100%| O|  |TAMS 0x0000000707a00000, 0x0000000707a00000| Untracked 
|  54|0x0000000707c00000, 0x0000000707e00000, 0x0000000707e00000|100%| O|  |TAMS 0x0000000707c00000, 0x0000000707c00000| Untracked 
|  55|0x0000000707e00000, 0x0000000708000000, 0x0000000708000000|100%| O|  |TAMS 0x0000000707e00000, 0x0000000707e00000| Untracked 
|  56|0x0000000708000000, 0x0000000708200000, 0x0000000708200000|100%| O|  |TAMS 0x0000000708000000, 0x0000000708000000| Untracked 
|  57|0x0000000708200000, 0x0000000708400000, 0x0000000708400000|100%| O|  |TAMS 0x0000000708200000, 0x0000000708200000| Untracked 
|  58|0x0000000708400000, 0x0000000708600000, 0x0000000708600000|100%| O|  |TAMS 0x0000000708400000, 0x0000000708400000| Untracked 
|  59|0x0000000708600000, 0x0000000708800000, 0x0000000708800000|100%| O|  |TAMS 0x0000000708600000, 0x0000000708600000| Untracked 
|  60|0x0000000708800000, 0x0000000708a00000, 0x0000000708a00000|100%| O|  |TAMS 0x0000000708800000, 0x0000000708800000| Untracked 
|  61|0x0000000708a00000, 0x0000000708c00000, 0x0000000708c00000|100%| O|  |TAMS 0x0000000708a00000, 0x0000000708a00000| Untracked 
|  62|0x0000000708c00000, 0x0000000708e00000, 0x0000000708e00000|100%| O|  |TAMS 0x0000000708c00000, 0x0000000708c00000| Untracked 
|  63|0x0000000708e00000, 0x0000000709000000, 0x0000000709000000|100%| O|  |TAMS 0x0000000708e00000, 0x0000000708e00000| Untracked 
|  64|0x0000000709000000, 0x0000000709200000, 0x0000000709200000|100%| O|  |TAMS 0x0000000709000000, 0x0000000709000000| Untracked 
|  65|0x0000000709200000, 0x0000000709400000, 0x0000000709400000|100%| O|  |TAMS 0x0000000709200000, 0x0000000709200000| Untracked 
|  66|0x0000000709400000, 0x0000000709600000, 0x0000000709600000|100%| O|  |TAMS 0x0000000709400000, 0x0000000709400000| Untracked 
|  67|0x0000000709600000, 0x0000000709800000, 0x0000000709800000|100%| O|  |TAMS 0x0000000709600000, 0x0000000709600000| Untracked 
|  68|0x0000000709800000, 0x0000000709a00000, 0x0000000709a00000|100%| O|  |TAMS 0x0000000709800000, 0x0000000709800000| Untracked 
|  69|0x0000000709a00000, 0x0000000709c00000, 0x0000000709c00000|100%| O|  |TAMS 0x0000000709a00000, 0x0000000709a00000| Untracked 
|  70|0x0000000709c00000, 0x0000000709e00000, 0x0000000709e00000|100%| O|  |TAMS 0x0000000709c00000, 0x0000000709c00000| Untracked 
|  71|0x0000000709e00000, 0x000000070a000000, 0x000000070a000000|100%| O|  |TAMS 0x0000000709e00000, 0x0000000709e00000| Untracked 
|  72|0x000000070a000000, 0x000000070a200000, 0x000000070a200000|100%| O|  |TAMS 0x000000070a000000, 0x000000070a000000| Untracked 
|  73|0x000000070a200000, 0x000000070a400000, 0x000000070a400000|100%| O|  |TAMS 0x000000070a200000, 0x000000070a200000| Untracked 
|  74|0x000000070a400000, 0x000000070a400000, 0x000000070a600000|  0%| F|  |TAMS 0x000000070a400000, 0x000000070a400000| Untracked 
|  75|0x000000070a600000, 0x000000070a600000, 0x000000070a800000|  0%| F|  |TAMS 0x000000070a600000, 0x000000070a600000| Untracked 
|  76|0x000000070a800000, 0x000000070a800000, 0x000000070aa00000|  0%| F|  |TAMS 0x000000070a800000, 0x000000070a800000| Untracked 
|  77|0x000000070aa00000, 0x000000070aa00000, 0x000000070ac00000|  0%| F|  |TAMS 0x000000070aa00000, 0x000000070aa00000| Untracked 
|  78|0x000000070ac00000, 0x000000070ac00000, 0x000000070ae00000|  0%| F|  |TAMS 0x000000070ac00000, 0x000000070ac00000| Untracked 
|  79|0x000000070ae00000, 0x000000070ae00000, 0x000000070b000000|  0%| F|  |TAMS 0x000000070ae00000, 0x000000070ae00000| Untracked 
|  80|0x000000070b000000, 0x000000070b000000, 0x000000070b200000|  0%| F|  |TAMS 0x000000070b000000, 0x000000070b000000| Untracked 
|  81|0x000000070b200000, 0x000000070b200000, 0x000000070b400000|  0%| F|  |TAMS 0x000000070b200000, 0x000000070b200000| Untracked 
|  82|0x000000070b400000, 0x000000070b400000, 0x000000070b600000|  0%| F|  |TAMS 0x000000070b400000, 0x000000070b400000| Untracked 
|  83|0x000000070b600000, 0x000000070b600000, 0x000000070b800000|  0%| F|  |TAMS 0x000000070b600000, 0x000000070b600000| Untracked 
|  84|0x000000070b800000, 0x000000070b800000, 0x000000070ba00000|  0%| F|  |TAMS 0x000000070b800000, 0x000000070b800000| Untracked 
|  85|0x000000070ba00000, 0x000000070ba00000, 0x000000070bc00000|  0%| F|  |TAMS 0x000000070ba00000, 0x000000070ba00000| Untracked 
|  86|0x000000070bc00000, 0x000000070bc00000, 0x000000070be00000|  0%| F|  |TAMS 0x000000070bc00000, 0x000000070bc00000| Untracked 
|  87|0x000000070be00000, 0x000000070be00000, 0x000000070c000000|  0%| F|  |TAMS 0x000000070be00000, 0x000000070be00000| Untracked 
|  88|0x000000070c000000, 0x000000070c200000, 0x000000070c200000|100%| S|CS|TAMS 0x000000070c000000, 0x000000070c000000| Complete 
|  89|0x000000070c200000, 0x000000070c200000, 0x000000070c400000|  0%| F|  |TAMS 0x000000070c200000, 0x000000070c200000| Untracked 
|  90|0x000000070c400000, 0x000000070c400000, 0x000000070c600000|  0%| F|  |TAMS 0x000000070c400000, 0x000000070c400000| Untracked 
|  91|0x000000070c600000, 0x000000070c600000, 0x000000070c800000|  0%| F|  |TAMS 0x000000070c600000, 0x000000070c600000| Untracked 
|  92|0x000000070c800000, 0x000000070c800000, 0x000000070ca00000|  0%| F|  |TAMS 0x000000070c800000, 0x000000070c800000| Untracked 
|  93|0x000000070ca00000, 0x000000070ca00000, 0x000000070cc00000|  0%| F|  |TAMS 0x000000070ca00000, 0x000000070ca00000| Untracked 
|  94|0x000000070cc00000, 0x000000070cc00000, 0x000000070ce00000|  0%| F|  |TAMS 0x000000070cc00000, 0x000000070cc00000| Untracked 
|  95|0x000000070ce00000, 0x000000070ce00000, 0x000000070d000000|  0%| F|  |TAMS 0x000000070ce00000, 0x000000070ce00000| Untracked 
|  96|0x000000070d000000, 0x000000070d000000, 0x000000070d200000|  0%| F|  |TAMS 0x000000070d000000, 0x000000070d000000| Untracked 
|  97|0x000000070d200000, 0x000000070d400000, 0x000000070d400000|100%| S|CS|TAMS 0x000000070d200000, 0x000000070d200000| Complete 
|  98|0x000000070d400000, 0x000000070d600000, 0x000000070d600000|100%| S|CS|TAMS 0x000000070d400000, 0x000000070d400000| Complete 
|  99|0x000000070d600000, 0x000000070d800000, 0x000000070d800000|100%| S|CS|TAMS 0x000000070d600000, 0x000000070d600000| Complete 
| 100|0x000000070d800000, 0x000000070da00000, 0x000000070da00000|100%| S|CS|TAMS 0x000000070d800000, 0x000000070d800000| Complete 
| 101|0x000000070da00000, 0x000000070dc00000, 0x000000070dc00000|100%| S|CS|TAMS 0x000000070da00000, 0x000000070da00000| Complete 
| 102|0x000000070dc00000, 0x000000070de00000, 0x000000070de00000|100%| S|CS|TAMS 0x000000070dc00000, 0x000000070dc00000| Complete 
| 103|0x000000070de00000, 0x000000070e000000, 0x000000070e000000|100%| S|CS|TAMS 0x000000070de00000, 0x000000070de00000| Complete 
| 104|0x000000070e000000, 0x000000070e200000, 0x000000070e200000|100%| S|CS|TAMS 0x000000070e000000, 0x000000070e000000| Complete 
| 105|0x000000070e200000, 0x000000070e200000, 0x000000070e400000|  0%| F|  |TAMS 0x000000070e200000, 0x000000070e200000| Untracked 
| 106|0x000000070e400000, 0x000000070e400000, 0x000000070e600000|  0%| F|  |TAMS 0x000000070e400000, 0x000000070e400000| Untracked 
| 107|0x000000070e600000, 0x000000070e600000, 0x000000070e800000|  0%| F|  |TAMS 0x000000070e600000, 0x000000070e600000| Untracked 
| 108|0x000000070e800000, 0x000000070e800000, 0x000000070ea00000|  0%| F|  |TAMS 0x000000070e800000, 0x000000070e800000| Untracked 
| 109|0x000000070ea00000, 0x000000070ea00000, 0x000000070ec00000|  0%| F|  |TAMS 0x000000070ea00000, 0x000000070ea00000| Untracked 
| 110|0x000000070ec00000, 0x000000070ec00000, 0x000000070ee00000|  0%| F|  |TAMS 0x000000070ec00000, 0x000000070ec00000| Untracked 
| 111|0x000000070ee00000, 0x000000070ee00000, 0x000000070f000000|  0%| F|  |TAMS 0x000000070ee00000, 0x000000070ee00000| Untracked 
| 112|0x000000070f000000, 0x000000070f000000, 0x000000070f200000|  0%| F|  |TAMS 0x000000070f000000, 0x000000070f000000| Untracked 
| 113|0x000000070f200000, 0x000000070f200000, 0x000000070f400000|  0%| F|  |TAMS 0x000000070f200000, 0x000000070f200000| Untracked 
| 114|0x000000070f400000, 0x000000070f400000, 0x000000070f600000|  0%| F|  |TAMS 0x000000070f400000, 0x000000070f400000| Untracked 
| 115|0x000000070f600000, 0x000000070f600000, 0x000000070f800000|  0%| F|  |TAMS 0x000000070f600000, 0x000000070f600000| Untracked 
| 116|0x000000070f800000, 0x000000070f800000, 0x000000070fa00000|  0%| F|  |TAMS 0x000000070f800000, 0x000000070f800000| Untracked 
| 117|0x000000070fa00000, 0x000000070fa00000, 0x000000070fc00000|  0%| F|  |TAMS 0x000000070fa00000, 0x000000070fa00000| Untracked 
| 118|0x000000070fc00000, 0x000000070fc00000, 0x000000070fe00000|  0%| F|  |TAMS 0x000000070fc00000, 0x000000070fc00000| Untracked 
| 119|0x000000070fe00000, 0x000000070fe00000, 0x0000000710000000|  0%| F|  |TAMS 0x000000070fe00000, 0x000000070fe00000| Untracked 
| 120|0x0000000710000000, 0x0000000710000000, 0x0000000710200000|  0%| F|  |TAMS 0x0000000710000000, 0x0000000710000000| Untracked 
| 121|0x0000000710200000, 0x0000000710200000, 0x0000000710400000|  0%| F|  |TAMS 0x0000000710200000, 0x0000000710200000| Untracked 
| 122|0x0000000710400000, 0x0000000710400000, 0x0000000710600000|  0%| F|  |TAMS 0x0000000710400000, 0x0000000710400000| Untracked 
| 123|0x0000000710600000, 0x0000000710600000, 0x0000000710800000|  0%| F|  |TAMS 0x0000000710600000, 0x0000000710600000| Untracked 
| 124|0x0000000710800000, 0x0000000710800000, 0x0000000710a00000|  0%| F|  |TAMS 0x0000000710800000, 0x0000000710800000| Untracked 
| 125|0x0000000710a00000, 0x0000000710a00000, 0x0000000710c00000|  0%| F|  |TAMS 0x0000000710a00000, 0x0000000710a00000| Untracked 
| 126|0x0000000710c00000, 0x0000000710c00000, 0x0000000710e00000|  0%| F|  |TAMS 0x0000000710c00000, 0x0000000710c00000| Untracked 
| 127|0x0000000710e00000, 0x0000000710e00000, 0x0000000711000000|  0%| F|  |TAMS 0x0000000710e00000, 0x0000000710e00000| Untracked 
| 128|0x0000000711000000, 0x0000000711000000, 0x0000000711200000|  0%| F|  |TAMS 0x0000000711000000, 0x0000000711000000| Untracked 
| 129|0x0000000711200000, 0x0000000711200000, 0x0000000711400000|  0%| F|  |TAMS 0x0000000711200000, 0x0000000711200000| Untracked 
| 130|0x0000000711400000, 0x0000000711400000, 0x0000000711600000|  0%| F|  |TAMS 0x0000000711400000, 0x0000000711400000| Untracked 
| 131|0x0000000711600000, 0x0000000711600000, 0x0000000711800000|  0%| F|  |TAMS 0x0000000711600000, 0x0000000711600000| Untracked 
| 132|0x0000000711800000, 0x0000000711800000, 0x0000000711a00000|  0%| F|  |TAMS 0x0000000711800000, 0x0000000711800000| Untracked 
| 133|0x0000000711a00000, 0x0000000711a00000, 0x0000000711c00000|  0%| F|  |TAMS 0x0000000711a00000, 0x0000000711a00000| Untracked 
| 134|0x0000000711c00000, 0x0000000711c00000, 0x0000000711e00000|  0%| F|  |TAMS 0x0000000711c00000, 0x0000000711c00000| Untracked 
| 135|0x0000000711e00000, 0x0000000711e00000, 0x0000000712000000|  0%| F|  |TAMS 0x0000000711e00000, 0x0000000711e00000| Untracked 
| 136|0x0000000712000000, 0x0000000712000000, 0x0000000712200000|  0%| F|  |TAMS 0x0000000712000000, 0x0000000712000000| Untracked 
| 137|0x0000000712200000, 0x0000000712200000, 0x0000000712400000|  0%| F|  |TAMS 0x0000000712200000, 0x0000000712200000| Untracked 
| 138|0x0000000712400000, 0x0000000712400000, 0x0000000712600000|  0%| F|  |TAMS 0x0000000712400000, 0x0000000712400000| Untracked 
| 139|0x0000000712600000, 0x0000000712600000, 0x0000000712800000|  0%| F|  |TAMS 0x0000000712600000, 0x0000000712600000| Untracked 
| 140|0x0000000712800000, 0x0000000712800000, 0x0000000712a00000|  0%| F|  |TAMS 0x0000000712800000, 0x0000000712800000| Untracked 
| 141|0x0000000712a00000, 0x0000000712a00000, 0x0000000712c00000|  0%| F|  |TAMS 0x0000000712a00000, 0x0000000712a00000| Untracked 
| 142|0x0000000712c00000, 0x0000000712c00000, 0x0000000712e00000|  0%| F|  |TAMS 0x0000000712c00000, 0x0000000712c00000| Untracked 
| 143|0x0000000712e00000, 0x0000000712e00000, 0x0000000713000000|  0%| F|  |TAMS 0x0000000712e00000, 0x0000000712e00000| Untracked 
| 144|0x0000000713000000, 0x0000000713000000, 0x0000000713200000|  0%| F|  |TAMS 0x0000000713000000, 0x0000000713000000| Untracked 
| 145|0x0000000713200000, 0x0000000713200000, 0x0000000713400000|  0%| F|  |TAMS 0x0000000713200000, 0x0000000713200000| Untracked 
| 146|0x0000000713400000, 0x0000000713400000, 0x0000000713600000|  0%| F|  |TAMS 0x0000000713400000, 0x0000000713400000| Untracked 
| 147|0x0000000713600000, 0x0000000713600000, 0x0000000713800000|  0%| F|  |TAMS 0x0000000713600000, 0x0000000713600000| Untracked 
| 148|0x0000000713800000, 0x0000000713800000, 0x0000000713a00000|  0%| F|  |TAMS 0x0000000713800000, 0x0000000713800000| Untracked 
| 149|0x0000000713a00000, 0x0000000713a00000, 0x0000000713c00000|  0%| F|  |TAMS 0x0000000713a00000, 0x0000000713a00000| Untracked 
| 150|0x0000000713c00000, 0x0000000713c00000, 0x0000000713e00000|  0%| F|  |TAMS 0x0000000713c00000, 0x0000000713c00000| Untracked 
| 151|0x0000000713e00000, 0x0000000713e00000, 0x0000000714000000|  0%| F|  |TAMS 0x0000000713e00000, 0x0000000713e00000| Untracked 
| 152|0x0000000714000000, 0x0000000714000000, 0x0000000714200000|  0%| F|  |TAMS 0x0000000714000000, 0x0000000714000000| Untracked 
| 153|0x0000000714200000, 0x0000000714200000, 0x0000000714400000|  0%| F|  |TAMS 0x0000000714200000, 0x0000000714200000| Untracked 
| 154|0x0000000714400000, 0x0000000714400000, 0x0000000714600000|  0%| F|  |TAMS 0x0000000714400000, 0x0000000714400000| Untracked 
| 155|0x0000000714600000, 0x0000000714600000, 0x0000000714800000|  0%| F|  |TAMS 0x0000000714600000, 0x0000000714600000| Untracked 
| 156|0x0000000714800000, 0x0000000714800000, 0x0000000714a00000|  0%| F|  |TAMS 0x0000000714800000, 0x0000000714800000| Untracked 
| 157|0x0000000714a00000, 0x0000000714a00000, 0x0000000714c00000|  0%| F|  |TAMS 0x0000000714a00000, 0x0000000714a00000| Untracked 
| 158|0x0000000714c00000, 0x0000000714d00800, 0x0000000714e00000| 50%| E|  |TAMS 0x0000000714c00000, 0x0000000714c00000| Complete 
| 159|0x0000000714e00000, 0x0000000715000000, 0x0000000715000000|100%| E|CS|TAMS 0x0000000714e00000, 0x0000000714e00000| Complete 
| 160|0x0000000715000000, 0x0000000715200000, 0x0000000715200000|100%| E|CS|TAMS 0x0000000715000000, 0x0000000715000000| Complete 
| 161|0x0000000715200000, 0x0000000715400000, 0x0000000715400000|100%| E|CS|TAMS 0x0000000715200000, 0x0000000715200000| Complete 
| 162|0x0000000715400000, 0x0000000715600000, 0x0000000715600000|100%| E|CS|TAMS 0x0000000715400000, 0x0000000715400000| Complete 
| 163|0x0000000715600000, 0x0000000715800000, 0x0000000715800000|100%| E|CS|TAMS 0x0000000715600000, 0x0000000715600000| Complete 
| 164|0x0000000715800000, 0x0000000715a00000, 0x0000000715a00000|100%| E|CS|TAMS 0x0000000715800000, 0x0000000715800000| Complete 

Card table byte_map: [0x00000218de620000,0x00000218dee20000] _byte_map_base: 0x00000218dae18000

Marking Bits (Prev, Next): (CMBitMap*) 0x00000218c44208a0, (CMBitMap*) 0x00000218c44208e0
 Prev Bits: [0x00000218df620000, 0x00000218e35e0000)
 Next Bits: [0x00000218e35e0000, 0x00000218e75a0000)

Polling page: 0x00000218c41e0000

Metaspace:

Usage:
  Non-class:     42.66 MB used.
      Class:      6.58 MB used.
       Both:     49.24 MB used.

Virtual space:
  Non-class space:       48.00 MB reserved,      43.19 MB ( 90%) committed,  6 nodes.
      Class space:        1.00 GB reserved,       7.06 MB ( <1%) committed,  1 nodes.
             Both:        1.05 GB reserved,      50.25 MB (  5%) committed. 

Chunk freelists:
   Non-Class:  592.00 KB
       Class:  1008.00 KB
        Both:  1.56 MB

MaxMetaspaceSize: unlimited
CompressedClassSpaceSize: 1.00 GB
Initial GC threshold: 21.00 MB
Current GC threshold: 59.38 MB
CDS: on
MetaspaceReclaimPolicy: balanced
 - commit_granule_bytes: 65536.
 - commit_granule_words: 8192.
 - virtual_space_node_default_size: 1048576.
 - enlarge_chunks_in_place: 1.
 - new_chunks_are_fully_committed: 0.
 - uncommit_free_chunks: 1.
 - use_allocation_guard: 0.
 - handle_deallocations: 1.


Internal statistics:

num_allocs_failed_limit: 6.
num_arena_births: 1474.
num_arena_deaths: 0.
num_vsnodes_births: 7.
num_vsnodes_deaths: 0.
num_space_committed: 802.
num_space_uncommitted: 0.
num_chunks_returned_to_freelist: 6.
num_chunks_taken_from_freelist: 3438.
num_chunk_merges: 6.
num_chunk_splits: 2244.
num_chunks_enlarged: 1480.
num_purges: 0.
num_inconsistent_stats: 0.

CodeHeap 'non-profiled nmethods': size=119168Kb used=7702Kb max_used=7702Kb free=111465Kb
 bounds [0x00000218d5b00000, 0x00000218d6290000, 0x00000218dcf60000]
CodeHeap 'profiled nmethods': size=119104Kb used=13455Kb max_used=13455Kb free=105648Kb
 bounds [0x00000218ce6b0000, 0x00000218cf3e0000, 0x00000218d5b00000]
CodeHeap 'non-nmethods': size=7488Kb used=3119Kb max_used=3206Kb free=4368Kb
 bounds [0x00000218cdf60000, 0x00000218ce290000, 0x00000218ce6b0000]
 total_blobs=8647 nmethods=7854 adapters=702
 compilation: enabled
              stopped_count=0, restarted_count=0
 full_count=0

Compilation events (20 events):
Event: 10.664 Thread 0x00000218e9fde200 9693       3       it.unimi.dsi.fastutil.ints.IntAVLTreeSet::compare (27 bytes)
Event: 10.664 Thread 0x00000218e9fde200 nmethod 9693 0x00000218cf02d010 code [0x00000218cf02d1c0, 0x00000218cf02d448]
Event: 10.665 Thread 0x00000218ee5c2930 9694       4       java.util.stream.Collectors$$Lambda$78/0x0000000800c5d690::accept (17 bytes)
Event: 10.666 Thread 0x00000218eb72e1a0 9695       3       it.unimi.dsi.fastutil.ints.IntAVLTreeSet$Entry::succ (16 bytes)
Event: 10.666 Thread 0x00000218eb72e1a0 nmethod 9695 0x00000218cf02cc90 code [0x00000218cf02ce20, 0x00000218cf02cf98]
Event: 10.668 Thread 0x00000218ea7605c0 9699       1       net.minecraft.util.datafix.fixes.References::lambda$static$14 (3 bytes)
Event: 10.668 Thread 0x00000218eb990540 9700       3       java.util.HashMap$Values::spliterator (16 bytes)
Event: 10.668 Thread 0x00000218eb72e1a0 9701       3       java.util.HashMap$ValueSpliterator::<init> (12 bytes)
Event: 10.668 Thread 0x00000218ea7605c0 nmethod 9699 0x00000218d6241710 code [0x00000218d62418a0, 0x00000218d6241958]
Event: 10.668 Thread 0x00000218eb72e1a0 nmethod 9701 0x00000218cf338e90 code [0x00000218cf339040, 0x00000218cf339278]
Event: 10.668 Thread 0x00000218eb990540 nmethod 9700 0x00000218cf338a10 code [0x00000218cf338bc0, 0x00000218cf338d88]
Event: 10.668 Thread 0x00000218ee5c2930 nmethod 9694 0x00000218d6241a10 code [0x00000218d6241ba0, 0x00000218d6241da8]
Event: 10.668 Thread 0x00000218ee5c2930 9697       4       com.mojang.datafixers.types.templates.Product::size (22 bytes)
Event: 10.670 Thread 0x00000218ee5c2930 nmethod 9697 0x00000218d6242010 code [0x00000218d62421a0, 0x00000218d6242338]
Event: 10.670 Thread 0x00000218ee5c2930 9698       4       com.mojang.datafixers.types.templates.Tag::size (10 bytes)
Event: 10.670 Thread 0x00000218ee5c2930 nmethod 9698 0x00000218d6242510 code [0x00000218d6242680, 0x00000218d6242718]
Event: 10.670 Thread 0x00000218ee5c2930 9696       4       com.mojang.datafixers.schemas.Schema::register (10 bytes)
Event: 10.676 Thread 0x00000218ee5c2930 nmethod 9696 0x00000218d6242810 code [0x00000218d62429a0, 0x00000218d6242c68]
Event: 10.676 Thread 0x00000218ee5c2930 9702       4       java.lang.invoke.MemberName::init (67 bytes)
Event: 10.679 Thread 0x00000218ee5c2930 nmethod 9702 0x00000218d6242e90 code [0x00000218d6243000, 0x00000218d6243338]

GC Heap History (20 events):
Event: 5.375 GC heap before
{Heap before GC invocations=11 (full 0):
 garbage-first heap   total 280576K, used 219621K [0x0000000701000000, 0x0000000800000000)
  region size 2048K, 71 young (145408K), 1 survivors (2048K)
 Metaspace       used 27467K, committed 28288K, reserved 1081344K
  class space    used 3362K, committed 3712K, reserved 1048576K
}
Event: 5.377 GC heap after
{Heap after GC invocations=12 (full 0):
 garbage-first heap   total 280576K, used 76982K [0x0000000701000000, 0x0000000800000000)
  region size 2048K, 2 young (4096K), 2 survivors (4096K)
 Metaspace       used 27467K, committed 28288K, reserved 1081344K
  class space    used 3362K, committed 3712K, reserved 1048576K
}
Event: 5.864 GC heap before
{Heap before GC invocations=12 (full 0):
 garbage-first heap   total 280576K, used 222390K [0x0000000701000000, 0x0000000800000000)
  region size 2048K, 74 young (151552K), 2 survivors (4096K)
 Metaspace       used 28051K, committed 28928K, reserved 1081344K
  class space    used 3427K, committed 3840K, reserved 1048576K
}
Event: 5.868 GC heap after
{Heap after GC invocations=13 (full 0):
 garbage-first heap   total 280576K, used 79346K [0x0000000701000000, 0x0000000800000000)
  region size 2048K, 3 young (6144K), 3 survivors (6144K)
 Metaspace       used 28051K, committed 28928K, reserved 1081344K
  class space    used 3427K, committed 3840K, reserved 1048576K
}
Event: 6.128 GC heap before
{Heap before GC invocations=13 (full 0):
 garbage-first heap   total 280576K, used 228850K [0x0000000701000000, 0x0000000800000000)
  region size 2048K, 76 young (155648K), 3 survivors (6144K)
 Metaspace       used 28403K, committed 29248K, reserved 1081344K
  class space    used 3475K, committed 3840K, reserved 1048576K
}
Event: 6.136 GC heap after
{Heap after GC invocations=14 (full 0):
 garbage-first heap   total 280576K, used 87796K [0x0000000701000000, 0x0000000800000000)
  region size 2048K, 7 young (14336K), 7 survivors (14336K)
 Metaspace       used 28403K, committed 29248K, reserved 1081344K
  class space    used 3475K, committed 3840K, reserved 1048576K
}
Event: 6.492 GC heap before
{Heap before GC invocations=14 (full 0):
 garbage-first heap   total 280576K, used 227060K [0x0000000701000000, 0x0000000800000000)
  region size 2048K, 75 young (153600K), 7 survivors (14336K)
 Metaspace       used 29251K, committed 30144K, reserved 1081344K
  class space    used 3562K, committed 3968K, reserved 1048576K
}
Event: 6.504 GC heap after
{Heap after GC invocations=15 (full 0):
 garbage-first heap   total 280576K, used 93153K [0x0000000701000000, 0x0000000800000000)
  region size 2048K, 7 young (14336K), 7 survivors (14336K)
 Metaspace       used 29251K, committed 30144K, reserved 1081344K
  class space    used 3562K, committed 3968K, reserved 1048576K
}
Event: 6.852 GC heap before
{Heap before GC invocations=15 (full 0):
 garbage-first heap   total 280576K, used 240609K [0x0000000701000000, 0x0000000800000000)
  region size 2048K, 73 young (149504K), 7 survivors (14336K)
 Metaspace       used 31580K, committed 32512K, reserved 1081344K
  class space    used 3881K, committed 4288K, reserved 1048576K
}
Event: 6.861 GC heap after
{Heap after GC invocations=16 (full 0):
 garbage-first heap   total 280576K, used 107582K [0x0000000701000000, 0x0000000800000000)
  region size 2048K, 4 young (8192K), 4 survivors (8192K)
 Metaspace       used 31580K, committed 32512K, reserved 1081344K
  class space    used 3881K, committed 4288K, reserved 1048576K
}
Event: 7.832 GC heap before
{Heap before GC invocations=16 (full 0):
 garbage-first heap   total 280576K, used 232510K [0x0000000701000000, 0x0000000800000000)
  region size 2048K, 65 young (133120K), 4 survivors (8192K)
 Metaspace       used 34759K, committed 35712K, reserved 1081344K
  class space    used 4280K, committed 4736K, reserved 1048576K
}
Event: 7.838 GC heap after
{Heap after GC invocations=17 (full 0):
 garbage-first heap   total 337920K, used 110333K [0x0000000701000000, 0x0000000800000000)
  region size 2048K, 6 young (12288K), 6 survivors (12288K)
 Metaspace       used 34759K, committed 35712K, reserved 1081344K
  class space    used 4280K, committed 4736K, reserved 1048576K
}
Event: 8.086 GC heap before
{Heap before GC invocations=17 (full 0):
 garbage-first heap   total 337920K, used 161533K [0x0000000701000000, 0x0000000800000000)
  region size 2048K, 32 young (65536K), 6 survivors (12288K)
 Metaspace       used 35495K, committed 36416K, reserved 1081344K
  class space    used 4349K, committed 4800K, reserved 1048576K
}
Event: 8.092 GC heap after
{Heap after GC invocations=18 (full 0):
 garbage-first heap   total 337920K, used 110910K [0x0000000701000000, 0x0000000800000000)
  region size 2048K, 6 young (12288K), 6 survivors (12288K)
 Metaspace       used 35495K, committed 36416K, reserved 1081344K
  class space    used 4349K, committed 4800K, reserved 1048576K
}
Event: 9.132 GC heap before
{Heap before GC invocations=19 (full 0):
 garbage-first heap   total 337920K, used 278846K [0x0000000701000000, 0x0000000800000000)
  region size 2048K, 88 young (180224K), 6 survivors (12288K)
 Metaspace       used 42502K, committed 43456K, reserved 1089536K
  class space    used 5470K, committed 5888K, reserved 1048576K
}
Event: 9.143 GC heap after
{Heap after GC invocations=20 (full 0):
 garbage-first heap   total 337920K, used 119315K [0x0000000701000000, 0x0000000800000000)
  region size 2048K, 10 young (20480K), 10 survivors (20480K)
 Metaspace       used 42502K, committed 43456K, reserved 1089536K
  class space    used 5470K, committed 5888K, reserved 1048576K
}
Event: 9.741 GC heap before
{Heap before GC invocations=20 (full 0):
 garbage-first heap   total 337920K, used 277011K [0x0000000701000000, 0x0000000800000000)
  region size 2048K, 87 young (178176K), 10 survivors (20480K)
 Metaspace       used 44449K, committed 45440K, reserved 1089536K
  class space    used 5813K, committed 6272K, reserved 1048576K
}
Event: 9.762 GC heap after
{Heap after GC invocations=21 (full 0):
 garbage-first heap   total 337920K, used 135044K [0x0000000701000000, 0x0000000800000000)
  region size 2048K, 11 young (22528K), 11 survivors (22528K)
 Metaspace       used 44449K, committed 45440K, reserved 1089536K
  class space    used 5813K, committed 6272K, reserved 1048576K
}
Event: 10.024 GC heap before
{Heap before GC invocations=21 (full 0):
 garbage-first heap   total 337920K, used 274308K [0x0000000701000000, 0x0000000800000000)
  region size 2048K, 79 young (161792K), 11 survivors (22528K)
 Metaspace       used 44962K, committed 45952K, reserved 1089536K
  class space    used 5883K, committed 6336K, reserved 1048576K
}
Event: 10.044 GC heap after
{Heap after GC invocations=22 (full 0):
 garbage-first heap   total 337920K, used 150690K [0x0000000701000000, 0x0000000800000000)
  region size 2048K, 8 young (16384K), 8 survivors (16384K)
 Metaspace       used 44962K, committed 45952K, reserved 1089536K
  class space    used 5883K, committed 6336K, reserved 1048576K
}

Dll operation events (10 events):
Event: 0.029 Loaded shared library C:\Program Files\Pylo\MCreator\jdk\bin\java.dll
Event: 0.038 Loaded shared library C:\Program Files\Pylo\MCreator\jdk\bin\jsvml.dll
Event: 0.224 Loaded shared library C:\Program Files\Pylo\MCreator\jdk\bin\net.dll
Event: 0.226 Loaded shared library C:\Program Files\Pylo\MCreator\jdk\bin\nio.dll
Event: 0.229 Loaded shared library C:\Program Files\Pylo\MCreator\jdk\bin\zip.dll
Event: 0.290 Loaded shared library C:\Program Files\Pylo\MCreator\jdk\bin\jimage.dll
Event: 0.623 Loaded shared library C:\Program Files\Pylo\MCreator\jdk\bin\verify.dll
Event: 2.636 Loaded shared library C:\Program Files\Pylo\MCreator\jdk\bin\management.dll
Event: 2.639 Loaded shared library C:\Program Files\Pylo\MCreator\jdk\bin\management_ext.dll
Event: 6.895 Loaded shared library C:\Users\nekoz\AppData\Local\Temp\jna-104702591\jna9065243368083076836.dll

Deoptimization events (20 events):
Event: 10.502 Thread 0x00000218f4a5fe30 Uncommon trap: trap_request=0xffffffc6 fr.pc=0x00000218d61acee8 relative=0x0000000000000cc8
Event: 10.502 Thread 0x00000218f4a5fe30 Uncommon trap: reason=bimorphic_or_optimized_type_check action=maybe_recompile pc=0x00000218d61acee8 method=java.util.AbstractMap.equals(Ljava/lang/Object;)Z @ 25 c2
Event: 10.502 Thread 0x00000218f4a5fe30 DEOPT PACKING pc=0x00000218d61acee8 sp=0x0000007ef57f7da0
Event: 10.502 Thread 0x00000218f4a5fe30 DEOPT UNPACKING pc=0x00000218cdfb23a3 sp=0x0000007ef57f7d68 mode 2
Event: 10.559 Thread 0x00000218f4a5fe30 Uncommon trap: trap_request=0xffffff45 fr.pc=0x00000218d6233bd8 relative=0x00000000000006b8
Event: 10.559 Thread 0x00000218f4a5fe30 Uncommon trap: reason=unstable_if action=reinterpret pc=0x00000218d6233bd8 method=com.mojang.brigadier.StringReader.isAllowedInUnquotedString(C)Z @ 9 c2
Event: 10.559 Thread 0x00000218f4a5fe30 DEOPT PACKING pc=0x00000218d6233bd8 sp=0x0000007ef57f7c40
Event: 10.559 Thread 0x00000218f4a5fe30 DEOPT UNPACKING pc=0x00000218cdfb23a3 sp=0x0000007ef57f7ae0 mode 2
Event: 10.559 Thread 0x00000218f4a5fe30 Uncommon trap: trap_request=0xffffff45 fr.pc=0x00000218d6231fb4 relative=0x00000000000005d4
Event: 10.559 Thread 0x00000218f4a5fe30 Uncommon trap: reason=unstable_if action=reinterpret pc=0x00000218d6231fb4 method=com.mojang.brigadier.StringReader.isAllowedInUnquotedString(C)Z @ 9 c2
Event: 10.559 Thread 0x00000218f4a5fe30 DEOPT PACKING pc=0x00000218d6231fb4 sp=0x0000007ef57f7bd0
Event: 10.559 Thread 0x00000218f4a5fe30 DEOPT UNPACKING pc=0x00000218cdfb23a3 sp=0x0000007ef57f7ad8 mode 2
Event: 10.559 Thread 0x00000218f4a5fe30 Uncommon trap: trap_request=0xffffff45 fr.pc=0x00000218d622d224 relative=0x0000000000000544
Event: 10.559 Thread 0x00000218f4a5fe30 Uncommon trap: reason=unstable_if action=reinterpret pc=0x00000218d622d224 method=com.mojang.brigadier.StringReader.isAllowedInUnquotedString(C)Z @ 9 c2
Event: 10.559 Thread 0x00000218f4a5fe30 DEOPT PACKING pc=0x00000218d622d224 sp=0x0000007ef57f7b60
Event: 10.559 Thread 0x00000218f4a5fe30 DEOPT UNPACKING pc=0x00000218cdfb23a3 sp=0x0000007ef57f7ad0 mode 2
Event: 10.559 Thread 0x00000218f4a5fe30 Uncommon trap: trap_request=0xffffff45 fr.pc=0x00000218d622941c relative=0x000000000000007c
Event: 10.559 Thread 0x00000218f4a5fe30 Uncommon trap: reason=unstable_if action=reinterpret pc=0x00000218d622941c method=com.mojang.brigadier.StringReader.isAllowedInUnquotedString(C)Z @ 9 c2
Event: 10.559 Thread 0x00000218f4a5fe30 DEOPT PACKING pc=0x00000218d622941c sp=0x0000007ef57f7b40
Event: 10.559 Thread 0x00000218f4a5fe30 DEOPT UNPACKING pc=0x00000218cdfb23a3 sp=0x0000007ef57f7ad8 mode 2

Classes unloaded (0 events):
No events

Classes redefined (0 events):
No events

Internal exceptions (20 events):
Event: 8.524 Thread 0x00000218f4a5fe30 Exception <a 'java/lang/NoSuchMethodError'{0x00000007110065f8}: 'java.lang.Object java.lang.invoke.DirectMethodHandle$Holder.invokeStatic(java.lang.Object, int, int, java.lang.Object)'> (0x00000007110065f8) 
thrown [s\src\hotspot\share\interpreter\linkResolver.cpp, line 759]
Event: 8.525 Thread 0x00000218f4a5fe30 Exception <a 'java/lang/NoSuchMethodError'{0x0000000711009ef8}: 'java.lang.Object java.lang.invoke.DirectMethodHandle$Holder.invokeStaticInit(java.lang.Object, int, int, java.lang.Object)'> (0x0000000711009ef8) 
thrown [s\src\hotspot\share\interpreter\linkResolver.cpp, line 759]
Event: 8.529 Thread 0x00000218f4a5fe30 Exception <a 'java/lang/IncompatibleClassChangeError'{0x0000000711073f00}: Found class java.lang.Object, but interface was expected> (0x0000000711073f00) 
thrown [s\src\hotspot\share\interpreter\linkResolver.cpp, line 826]
Event: 8.530 Thread 0x00000218f4a5fe30 Exception <a 'java/lang/IncompatibleClassChangeError'{0x000000071107fd28}: Found class java.lang.Object, but interface was expected> (0x000000071107fd28) 
thrown [s\src\hotspot\share\interpreter\linkResolver.cpp, line 826]
Event: 8.559 Thread 0x00000218f4a5fe30 Exception <a 'java/lang/NoSuchMethodError'{0x0000000710f50fe0}: 'java.lang.Object java.lang.invoke.DirectMethodHandle$Holder.newInvokeSpecial(java.lang.Object, float)'> (0x0000000710f50fe0) 
thrown [s\src\hotspot\share\interpreter\linkResolver.cpp, line 759]
Event: 8.920 Thread 0x00000218f4a5fe30 Exception <a 'java/lang/NoSuchMethodError'{0x000000070d037778}: 'void java.lang.invoke.DirectMethodHandle$Holder.invokeStatic(java.lang.Object, java.lang.Object, java.lang.Object, java.lang.Object, java.lang.Object, java.lang.Object, java.lang.Object)'> (0x000000070d037778) 
thrown [s\src\hotspot\share\interpreter\linkResolver.cpp, line 759]
Event: 9.058 Thread 0x00000218f4a5fe30 Implicit null exception at 0x00000218d5b8c0e2 to 0x00000218d5b8c240
Event: 9.156 Thread 0x00000218f4a5fe30 Exception <a 'java/lang/NoSuchMethodError'{0x0000000715600280}: 'java.lang.Object java.lang.invoke.DirectMethodHandle$Holder.newInvokeSpecial(java.lang.Object, java.lang.Object, java.lang.Object, java.lang.Object, java.lang.Object, java.lang.Object, java.lang.Object, java.lang.Object)'> (0x0000000715600280) 
thrown [s\src\hotspot\share\interpreter\linkResolver.cpp, line 759]
Event: 9.156 Thread 0x00000218f4a5fe30 Exception <a 'java/lang/NoSuchMethodError'{0x0000000715604f20}: 'java.lang.Object java.lang.invoke.Invokers$Holder.linkToTargetMethod(java.lang.Object, java.lang.Object, java.lang.Object, java.lang.Object, java.lang.Object, java.lang.Object, java.lang.Object, java.lang.Object)'> (0x0000000715604f20) 
thrown [s\src\hotspot\share\interpreter\linkResolver.cpp, line 759]
Event: 9.279 Thread 0x00000218f4a5fe30 Exception <a 'java/lang/NoSuchMethodError'{0x000000071421eb30}: 'java.lang.Object java.lang.invoke.DirectMethodHandle$Holder.invokeStaticInit(java.lang.Object, java.lang.Object, java.lang.Object, java.lang.Object, java.lang.Object, java.lang.Object, int)'> (0x000000071421eb30) 
thrown [s\src\hotspot\share\interpreter\linkResolver.cpp, line 759]
Event: 9.353 Thread 0x00000218f4a5fe30 Exception <a 'java/lang/NoSuchMethodError'{0x00000007126c5670}: 'int java.lang.invoke.DirectMethodHandle$Holder.invokeStaticInit(java.lang.Object, int, java.lang.Object)'> (0x00000007126c5670) 
thrown [s\src\hotspot\share\interpreter\linkResolver.cpp, line 759]
Event: 9.485 Thread 0x00000218f4a5fe30 Exception <a 'java/lang/NoSuchMethodError'{0x0000000710ce47d8}: 'java.lang.Object java.lang.invoke.DirectMethodHandle$Holder.newInvokeSpecial(java.lang.Object, int, int, int, int, int, int)'> (0x0000000710ce47d8) 
thrown [s\src\hotspot\share\interpreter\linkResolver.cpp, line 759]
Event: 10.106 Thread 0x00000218f4a5fe30 Exception <a 'java/lang/NoSuchMethodError'{0x00000007135f0a68}: 'java.lang.Object java.lang.invoke.DirectMethodHandle$Holder.newInvokeSpecial(java.lang.Object, int, java.lang.Object, java.lang.Object, java.lang.Object, java.lang.Object)'> (0x00000007135f0a68) 
thrown [s\src\hotspot\share\interpreter\linkResolver.cpp, line 759]
Event: 10.106 Thread 0x00000218f4a5fe30 Exception <a 'java/lang/IncompatibleClassChangeError'{0x00000007135f8af8}: Found class java.lang.Object, but interface was expected> (0x00000007135f8af8) 
thrown [s\src\hotspot\share\interpreter\linkResolver.cpp, line 826]
Event: 10.115 Thread 0x00000218f4a5fe30 Exception <a 'java/lang/IncompatibleClassChangeError'{0x00000007133009c0}: Found class java.lang.Object, but interface was expected> (0x00000007133009c0) 
thrown [s\src\hotspot\share\interpreter\linkResolver.cpp, line 826]
Event: 10.169 Thread 0x00000218f4a5fe30 Exception <a 'java/lang/IncompatibleClassChangeError'{0x0000000712bc33d0}: Found class java.lang.Object, but interface was expected> (0x0000000712bc33d0) 
thrown [s\src\hotspot\share\interpreter\linkResolver.cpp, line 826]
Event: 10.214 Thread 0x00000218f4a5fe30 Exception <a 'java/lang/NoSuchMethodError'{0x00000007124a8360}: 'java.lang.Object java.lang.invoke.DirectMethodHandle$Holder.newInvokeSpecial(java.lang.Object, java.lang.Object, java.lang.Object, java.lang.Object, java.lang.Object, int)'> (0x00000007124a8360) 
thrown [s\src\hotspot\share\interpreter\linkResolver.cpp, line 759]
Event: 10.224 Thread 0x00000218f4a5fe30 Exception <a 'java/lang/NoSuchMethodError'{0x000000071258c0a0}: 'java.lang.Object java.lang.invoke.DirectMethodHandle$Holder.newInvokeSpecial(java.lang.Object, java.lang.Object, java.lang.Object, java.lang.Object, int)'> (0x000000071258c0a0) 
thrown [s\src\hotspot\share\interpreter\linkResolver.cpp, line 759]
Event: 10.233 Thread 0x00000218f4a5fe30 Exception <a 'java/lang/IncompatibleClassChangeError'{0x0000000712278688}: Found class java.lang.Object, but interface was expected> (0x0000000712278688) 
thrown [s\src\hotspot\share\interpreter\linkResolver.cpp, line 826]
Event: 10.267 Thread 0x00000218f4a5fe30 Exception <a 'java/lang/NoSuchMethodError'{0x0000000711e63b18}: 'void java.lang.invoke.DirectMethodHandle$Holder.invokeSpecial(java.lang.Object, java.lang.Object, java.lang.Object, java.lang.Object, java.lang.Object, java.lang.Object, java.lang.Object)'> (0x0000000711e63b18) 
thrown [s\src\hotspot\share\interpreter\linkResolver.cpp, line 759]

VM Operations (20 events):
Event: 9.177 Executing VM operation: HandshakeAllThreads
Event: 9.177 Executing VM operation: HandshakeAllThreads done
Event: 9.242 Executing VM operation: HandshakeAllThreads
Event: 9.242 Executing VM operation: HandshakeAllThreads done
Event: 9.243 Executing VM operation: HandshakeAllThreads
Event: 9.243 Executing VM operation: HandshakeAllThreads done
Event: 9.250 Executing VM operation: HandshakeAllThreads
Event: 9.250 Executing VM operation: HandshakeAllThreads done
Event: 9.281 Executing VM operation: HandshakeAllThreads
Event: 9.281 Executing VM operation: HandshakeAllThreads done
Event: 9.290 Executing VM operation: ICBufferFull
Event: 9.290 Executing VM operation: ICBufferFull done
Event: 9.519 Executing VM operation: ICBufferFull
Event: 9.520 Executing VM operation: ICBufferFull done
Event: 9.741 Executing VM operation: G1CollectForAllocation
Event: 9.762 Executing VM operation: G1CollectForAllocation done
Event: 9.992 Executing VM operation: HandshakeAllThreads
Event: 9.992 Executing VM operation: HandshakeAllThreads done
Event: 10.024 Executing VM operation: G1CollectForAllocation
Event: 10.044 Executing VM operation: G1CollectForAllocation done

Events (20 events):
Event: 9.292 Thread 0x00000218ea6dc390 flushing nmethod 0x00000218cf347090
Event: 9.292 Thread 0x00000218ea6dc390 flushing nmethod 0x00000218cf372c90
Event: 9.292 Thread 0x00000218ea6dc390 flushing nmethod 0x00000218cf373690
Event: 10.122 loading class java/util/function/LongPredicate
Event: 10.122 loading class java/util/function/LongPredicate done
Event: 10.122 loading class java/util/PrimitiveIterator$OfLong
Event: 10.122 loading class java/util/PrimitiveIterator$OfLong done
Event: 10.341 Thread 0x00000218ebe0b3f0 Thread exited: 0x00000218ebe0b3f0
Event: 10.364 loading class java/util/PrimitiveIterator$OfInt
Event: 10.364 loading class java/util/PrimitiveIterator$OfInt done
Event: 10.393 loading class java/util/stream/ReferencePipeline$4
Event: 10.393 loading class java/util/stream/ReferencePipeline$4 done
Event: 10.393 loading class java/util/stream/ReduceOps$7
Event: 10.393 loading class java/util/stream/ReduceOps$7 done
Event: 10.393 loading class java/util/stream/ReduceOps$6ReducingSink
Event: 10.394 loading class java/util/stream/ReduceOps$6ReducingSink done
Event: 10.394 loading class java/util/stream/ReferencePipeline$4$1
Event: 10.394 loading class java/util/stream/ReferencePipeline$4$1 done
Event: 10.498 loading class java/io/UTFDataFormatException
Event: 10.498 loading class java/io/UTFDataFormatException done


Dynamic libraries:
0x00007ff73a890000 - 0x00007ff73a89e000 	C:\Program Files\Pylo\MCreator\jdk\bin\java.exe
0x00007ff933fb0000 - 0x00007ff9341a7000 	C:\WINDOWS\SYSTEM32\ntdll.dll
0x00007ff9324a0000 - 0x00007ff93255d000 	C:\WINDOWS\System32\KERNEL32.DLL
0x00007ff931c00000 - 0x00007ff931ef6000 	C:\WINDOWS\System32\KERNELBASE.dll
0x00007ff8fd780000 - 0x00007ff8fd855000 	C:\Program Files\Bitdefender\Bitdefender Security\bdhkm\dlls_266760019072103168\bdhkm64.dll
0x00007ff8fd620000 - 0x00007ff8fd779000 	C:\Program Files\Bitdefender\Bitdefender Security\atcuf\dlls_266760019019490458\atcuf64.dll
0x00007ff931b00000 - 0x00007ff931c00000 	C:\WINDOWS\System32\ucrtbase.dll
0x00007ff914e70000 - 0x00007ff914e87000 	C:\Program Files\Pylo\MCreator\jdk\bin\jli.dll
0x00007ff932a90000 - 0x00007ff932c2e000 	C:\WINDOWS\System32\USER32.dll
0x00007ff931aa0000 - 0x00007ff931ac2000 	C:\WINDOWS\System32\win32u.dll
0x00007ff933210000 - 0x00007ff93323c000 	C:\WINDOWS\System32\GDI32.dll
0x00007ff931790000 - 0x00007ff9318aa000 	C:\WINDOWS\System32\gdi32full.dll
0x00007ff931f70000 - 0x00007ff93200d000 	C:\WINDOWS\System32\msvcp_win.dll
0x00007ff914e50000 - 0x00007ff914e69000 	C:\Program Files\Pylo\MCreator\jdk\bin\VCRUNTIME140.dll
0x00007ff9177d0000 - 0x00007ff917a6a000 	C:\WINDOWS\WinSxS\amd64_microsoft.windows.common-controls_6595b64144ccf1df_6.0.19041.3570_none_60bb2a3971f3e41a\COMCTL32.dll
0x00007ff933300000 - 0x00007ff93339e000 	C:\WINDOWS\System32\msvcrt.dll
0x00007ff932690000 - 0x00007ff9326c0000 	C:\WINDOWS\System32\IMM32.DLL
0x00007ff92e3c0000 - 0x00007ff92e3cc000 	C:\Program Files\Pylo\MCreator\jdk\bin\vcruntime140_1.dll
0x00007ff900440000 - 0x00007ff9004d1000 	C:\Program Files\Pylo\MCreator\jdk\bin\msvcp140.dll
0x00007ff8701d0000 - 0x00007ff870e14000 	C:\Program Files\Pylo\MCreator\jdk\bin\server\jvm.dll
0x00007ff932250000 - 0x00007ff9322fe000 	C:\WINDOWS\System32\ADVAPI32.dll
0x00007ff933170000 - 0x00007ff93320c000 	C:\WINDOWS\System32\sechost.dll
0x00007ff932560000 - 0x00007ff932686000 	C:\WINDOWS\System32\RPCRT4.dll
0x00007ff92ccc0000 - 0x00007ff92ccc9000 	C:\WINDOWS\SYSTEM32\WSOCK32.dll
0x00007ff932cc0000 - 0x00007ff932d2b000 	C:\WINDOWS\System32\WS2_32.dll
0x00007ff92af70000 - 0x00007ff92af97000 	C:\WINDOWS\SYSTEM32\WINMM.dll
0x00007ff92b5c0000 - 0x00007ff92b5ca000 	C:\WINDOWS\SYSTEM32\VERSION.dll
0x00007ff92f5e0000 - 0x00007ff92f5f2000 	C:\WINDOWS\SYSTEM32\kernel.appcore.dll
0x00007ff92cc00000 - 0x00007ff92cc0a000 	C:\Program Files\Pylo\MCreator\jdk\bin\jimage.dll
0x00007ff92f3d0000 - 0x00007ff92f5b4000 	C:\WINDOWS\SYSTEM32\DBGHELP.DLL
0x00007ff919880000 - 0x00007ff9198b4000 	C:\WINDOWS\SYSTEM32\dbgcore.DLL
0x00007ff931a10000 - 0x00007ff931a92000 	C:\WINDOWS\System32\bcryptPrimitives.dll
0x00007ff914b50000 - 0x00007ff914b75000 	C:\Program Files\Pylo\MCreator\jdk\bin\java.dll
0x00007ff8f1ee0000 - 0x00007ff8f1fb6000 	C:\Program Files\Pylo\MCreator\jdk\bin\jsvml.dll
0x00007ff933810000 - 0x00007ff933f54000 	C:\WINDOWS\System32\SHELL32.dll
0x00007ff92f750000 - 0x00007ff92feeb000 	C:\WINDOWS\SYSTEM32\windows.storage.dll
0x00007ff9326c0000 - 0x00007ff932a14000 	C:\WINDOWS\System32\combase.dll
0x00007ff9310d0000 - 0x00007ff9310fd000 	C:\WINDOWS\SYSTEM32\Wldp.dll
0x00007ff932010000 - 0x00007ff9320bd000 	C:\WINDOWS\System32\SHCORE.dll
0x00007ff932300000 - 0x00007ff932355000 	C:\WINDOWS\System32\shlwapi.dll
0x00007ff9315c0000 - 0x00007ff9315e5000 	C:\WINDOWS\SYSTEM32\profapi.dll
0x00007ff913590000 - 0x00007ff9135a9000 	C:\Program Files\Pylo\MCreator\jdk\bin\net.dll
0x00007ff925570000 - 0x00007ff92567a000 	C:\WINDOWS\SYSTEM32\WINHTTP.dll
0x00007ff930e30000 - 0x00007ff930e9a000 	C:\WINDOWS\system32\mswsock.dll
0x00007ff9131f0000 - 0x00007ff913205000 	C:\Program Files\Pylo\MCreator\jdk\bin\nio.dll
0x00007ff912f60000 - 0x00007ff912f78000 	C:\Program Files\Pylo\MCreator\jdk\bin\zip.dll
0x00007ff929200000 - 0x00007ff929210000 	C:\Program Files\Pylo\MCreator\jdk\bin\verify.dll
0x00007ff92b0b0000 - 0x00007ff92b0b9000 	C:\Program Files\Pylo\MCreator\jdk\bin\management.dll
0x00007ff92b050000 - 0x00007ff92b05b000 	C:\Program Files\Pylo\MCreator\jdk\bin\management_ext.dll
0x00007ff933f60000 - 0x00007ff933f68000 	C:\WINDOWS\System32\PSAPI.DLL
0x00007ff9197d0000 - 0x00007ff9197e7000 	C:\WINDOWS\system32\napinsp.dll
0x00007ff919730000 - 0x00007ff91974b000 	C:\WINDOWS\system32\pnrpnsp.dll
0x00007ff92c830000 - 0x00007ff92c845000 	C:\WINDOWS\system32\wshbth.dll
0x00007ff92cbb0000 - 0x00007ff92cbcd000 	C:\WINDOWS\system32\NLAapi.dll
0x00007ff930ad0000 - 0x00007ff930b0b000 	C:\WINDOWS\SYSTEM32\IPHLPAPI.DLL
0x00007ff930b20000 - 0x00007ff930bea000 	C:\WINDOWS\SYSTEM32\DNSAPI.dll
0x00007ff932a80000 - 0x00007ff932a88000 	C:\WINDOWS\System32\NSI.dll
0x00007ff918c30000 - 0x00007ff918c42000 	C:\WINDOWS\System32\winrnr.dll
0x00007ff92b530000 - 0x00007ff92b53a000 	C:\Windows\System32\rasadhlp.dll
0x00007ff91e230000 - 0x00007ff91e2b2000 	C:\WINDOWS\System32\fwpuclnt.dll
0x00007ff931ad0000 - 0x00007ff931af7000 	C:\WINDOWS\System32\bcrypt.dll
0x00007ff931020000 - 0x00007ff931038000 	C:\WINDOWS\SYSTEM32\CRYPTSP.dll
0x00007ff9306d0000 - 0x00007ff930704000 	C:\WINDOWS\system32\rsaenh.dll
0x00007ff931540000 - 0x00007ff93156e000 	C:\WINDOWS\SYSTEM32\USERENV.dll
0x00007ff931040000 - 0x00007ff93104c000 	C:\WINDOWS\SYSTEM32\CRYPTBASE.dll
0x00007ff925ba0000 - 0x00007ff925bb7000 	C:\WINDOWS\SYSTEM32\dhcpcsvc6.DLL
0x00007ff926450000 - 0x00007ff92646d000 	C:\WINDOWS\SYSTEM32\dhcpcsvc.DLL
0x00007ff914e00000 - 0x00007ff914e45000 	C:\Users\nekoz\AppData\Local\Temp\jna-104702591\jna9065243368083076836.dll
0x00007ff932fc0000 - 0x00007ff9330eb000 	C:\WINDOWS\System32\Ole32.dll
0x00007ff933250000 - 0x00007ff9332f9000 	C:\WINDOWS\System32\clbcatq.dll
0x00007ff9320c0000 - 0x00007ff93218d000 	C:\WINDOWS\System32\OleAut32.dll
0x00007ff8fd400000 - 0x00007ff8fd41f000 	C:\WINDOWS\SYSTEM32\amsi.dll
0x00007ff926d00000 - 0x00007ff926d49000 	C:\WINDOWS\SYSTEM32\Pdh.dll
0x00007ff919b30000 - 0x00007ff919b3f000 	C:\WINDOWS\System32\perfos.dll

dbghelp: loaded successfully - version: 4.0.5 - missing functions: none
symbol engine: initialized successfully - sym options: 0x614 - pdb path: .;C:\Program Files\Pylo\MCreator\jdk\bin;C:\WINDOWS\SYSTEM32;C:\Program Files\Bitdefender\Bitdefender Security\bdhkm\dlls_266760019072103168;C:\Program Files\Bitdefender\Bitdefender Security\atcuf\dlls_266760019019490458;C:\WINDOWS\WinSxS\amd64_microsoft.windows.common-controls_6595b64144ccf1df_6.0.19041.3570_none_60bb2a3971f3e41a;C:\Program Files\Pylo\MCreator\jdk\bin\server;C:\Users\nekoz\AppData\Local\Temp\jna-104702591

VM Arguments:
jvm_args: -Dforge.enableGameTest=true -Dforge.logging.console.level=debug -Dforge.logging.markers=REGISTRIES -DignoreList=bootstraplauncher,securejarhandler,asm-commons,asm-util,asm-analysis,asm-tree,asm,JarJarFileSystems,client-extra,fmlcore,javafmllanguage,lowcodelanguage,mclanguage,forge- -Djava.net.preferIPv6Addresses=system -DlegacyClassPath.file=C:\Users\nekoz\MCreatorWorkspaces\enemyexpansion\build\classpath\runClient_minecraftClasspath.txt -DmergeModules=jna-5.10.0.jar,jna-platform-5.10.0.jar -Dmixin.env.refMapRemappingFile=C:\Users\nekoz\MCreatorWorkspaces\enemyexpansion\build/createSrgToMcp/output.srg -Dmixin.env.remapRefMap=true -Dos.version=10.0 --module-path=C:\Users\nekoz\.mcreator\gradle\caches\modules-2\files-2.1\cpw.mods\bootstraplauncher\1.1.2\c546e00443d8432cda6baa1c860346980742628\bootstraplauncher-1.1.2.jar;C:\Users\nekoz\.mcreator\gradle\caches\modules-2\files-2.1\cpw.mods\securejarhandler\2.1.4\f47e3b9dd860a7b82154b8f90a650ffd0aaa5582\securejarhandler-2.1.4.jar;C:\Users\nekoz\.mcreator\gradle\caches\modules-2\files-2.1\org.ow2.asm\asm-commons\9.3\1f2a432d1212f5c352ae607d7b61dcae20c20af5\asm-commons-9.3.jar;C:\Users\nekoz\.mcreator\gradle\caches\modules-2\files-2.1\org.ow2.asm\asm-util\9.3\9595bc05510d0bd4b610188b77333fe4851a1975\asm-util-9.3.jar;C:\Users\nekoz\.mcreator\gradle\caches\modules-2\files-2.1\org.ow2.asm\asm-analysis\9.3\4b071f211b37c38e0e9f5998550197c8593f6ad8\asm-analysis-9.3.jar;C:\Users\nekoz\.mcreator\gradle\caches\modules-2\files-2.1\org.ow2.asm\asm-tree\9.3\78d2ecd61318b5a58cd04fb237636c0e86b77d97\asm-tree-9.3.jar;C:\Users\nekoz\.mcreator\gradle\caches\modules-2\files-2.1\org.ow2.asm\asm\9.3\8e6300ef51c1d801a7ed62d07cd221aca3a90640\asm-9.3.jar;C:\Users\nekoz\.mcreator\gradle\caches\modules-2\files-2.1\net.minecraftforge\JarJarFileSystems\0.3.16\e52afbb2599dc7c6f779efea0496d32fc01152e3\JarJarFileSystems-0.3.16.jar --add-modules=ALL-MODULE-PATH --add-opens=java.base/java.util.jar=cpw.mods.securejarhandler --add-opens=java.base/java.lang.invoke=cpw.mods.securejarhandler --add-exports=java.base/sun.security.util=cpw.mods.securejarhandler --add-exports=jdk.naming.dns/com.sun.jndi.dns=java.naming -XX:HeapDumpPath=MojangTricksIntelDriversForPerformance_javaw.exe_minecraft.exe.heapdump -Dos.name=Windows 10 -Dfile.encoding=UTF-8 -Duser.country=US -Duser.language=en -Duser.variant 
java_command: cpw.mods.bootstraplauncher.BootstrapLauncher --launchTarget forgeclientuserdev --version MOD_DEV --assetIndex 1.19 --assetsDir C:\Users\nekoz\.mcreator\gradle\caches\forge_gradle\assets --gameDir . --fml.forgeVersion 43.2.0 --fml.mcVersion 1.19.2 --fml.forgeGroup net.minecraftforge --fml.mcpVersion 20220805.130853
java_class_path (initial): C:\Users\nekoz\MCreatorWorkspaces\enemyexpansion\build\classes\java\main;C:\Users\nekoz\MCreatorWorkspaces\enemyexpansion\build\resources\main;C:\Users\nekoz\.mcreator\gradle\caches\forge_gradle\deobf_dependencies\software\bernie\geckolib\geckolib-forge-1.19\3.1.40_mapped_official_1.19.2\geckolib-forge-1.19-3.1.40_mapped_official_1.19.2.jar;C:\Users\nekoz\.mcreator\gradle\caches\forge_gradle\minecraft_user_repo\net\minecraftforge\forge\1.19.2-43.2.0_mapped_official_1.19.2\forge-1.19.2-43.2.0_mapped_official_1.19.2-recomp.jar;C:\Users\nekoz\.mcreator\gradle\caches\forge_gradle\deobf_dependencies\extra-mods\BetterModsButton-v4.2.4-1.19.2\Forge_mapped_official_1.19.2\BetterModsButton-v4.2.4-1.19.2-Forge_mapped_official_1.19.2.jar;C:\Users\nekoz\.mcreator\gradle\caches\forge_gradle\deobf_dependencies\extra-mods\Bookshelf-Forge-1.19.2\16.3.20_mapped_official_1.19.2\Bookshelf-Forge-1.19.2-16.3.20_mapped_official_1.19.2.jar;C:\Users\nekoz\.mcreator\gradle\caches\forge_gradle\deobf_dependencies\extra-mods\criticalib-forge-1.19.2\1.0.0_mapped_official_1.19.2\criticalib-forge-1.19.2-1.0.0_mapped_official_1.19.2.jar;C:\Users\nekoz\.mcreator\gradle\caches\forge_gradle\deobf_dependencies\extra-mods\damage-indicator-forge-1.19.2\1.0.0_mapped_official_1.19.2\damage-indicator-forge-1.19.2-1.0.0_mapped_official_1.19.2.jar;C:\Users\nekoz\.mcreator\gradle\caches\forge_gradle\deobf_dependencies\extra-mods\Jade-1.19.1-forge\8.8.1_mapped_official_1.19.2\Jade-1.19.1-forge-8.8.1_mapped_official_1.19.2.jar;C:\Users\nekoz\.mcreator\gradle\caches\forge_gradle\deobf_dependencies\extra-mods\miningmaster-1.19.2\4.1.4_mapped_official_1.19.2\miningmaster-1.19.2-4.1.4_mapped_official_1.19.2.jar;C:\Users\nekoz\.mcreator\gradle\caches\forge_gradle\deobf_dependencies\extra-mods\mobhealthbar-forge-1.19-41.0.100\2.1.1_mapped_official_1.19.2\mobhealthbar-forge-1.19-41.0.100-2.1.1_mapped_official_1.19.2.jar;C:\Users\nekoz\.mcreator\gradle\caches\forge_gradle\deobf_dependencies
Launcher Type: SUN_STANDARD

[Global flags]
     intx CICompilerCount                          = 12                                        {product} {ergonomic}
     uint ConcGCThreads                            = 3                                         {product} {ergonomic}
     uint G1ConcRefinementThreads                  = 13                                        {product} {ergonomic}
   size_t G1HeapRegionSize                         = 2097152                                   {product} {ergonomic}
    uintx GCDrainStackTargetSize                   = 64                                        {product} {ergonomic}
    ccstr HeapDumpPath                             = MojangTricksIntelDriversForPerformance_javaw.exe_minecraft.exe.heapdump         {manageable} {command line}
   size_t InitialHeapSize                          = 268435456                                 {product} {ergonomic}
   size_t MarkStackSize                            = 4194304                                   {product} {ergonomic}
   size_t MaxHeapSize                              = 4278190080                                {product} {ergonomic}
   size_t MaxNewSize                               = 2566914048                                {product} {ergonomic}
   size_t MinHeapDeltaBytes                        = 2097152                                   {product} {ergonomic}
   size_t MinHeapSize                              = 8388608                                   {product} {ergonomic}
    uintx NonNMethodCodeHeapSize                   = 7602480                                {pd product} {ergonomic}
    uintx NonProfiledCodeHeapSize                  = 122027880                              {pd product} {ergonomic}
    uintx ProfiledCodeHeapSize                     = 122027880                              {pd product} {ergonomic}
    uintx ReservedCodeCacheSize                    = 251658240                              {pd product} {ergonomic}
     bool SegmentedCodeCache                       = true                                      {product} {ergonomic}
   size_t SoftMaxHeapSize                          = 4278190080                             {manageable} {ergonomic}
     bool UseCompressedClassPointers               = true                           {product lp64_product} {ergonomic}
     bool UseCompressedOops                        = true                           {product lp64_product} {ergonomic}
     bool UseG1GC                                  = true                                      {product} {ergonomic}
     bool UseLargePagesIndividualAllocation        = false                                  {pd product} {ergonomic}

Logging:
Log output configuration:
 #0: stdout all=warning uptime,level,tags
 #1: stderr all=off uptime,level,tags

Environment Variables:
JAVA_HOME=C:\Program Files\Pylo\MCreator\jdk
PATH=C:\Program Files (x86)\Common Files\Intel\Shared Libraries\redist\intel64\compiler;C:\Program Files\Common Files\Oracle\Java\javapath;C:\Program Files (x86)\Common Files\Oracle\Java\javapath;C:\Program Files\AdoptOpenJDK\jdk-11.0.11.9-hotspot\bin;C:\Program Files\AdoptOpenJDK\jdk-8.0.292.10-hotspot\bin;C:\WINDOWS\system32;C:\WINDOWS;C:\WINDOWS\System32\Wbem;C:\WINDOWS\System32\WindowsPowerShell\v1.0\;C:\WINDOWS\System32\OpenSSH\;C:\Program Files\nodejs\;C:\Program Files\dotnet\;C:\Program Files\ffmpeg;C:\Program Files (x86)\WinSCP\;C:/Program Files/Java/jdk-17.0.1/bin/\bin;C:\Program Files\Java\jdk-17.0.1\bin\;C:\Users\nekoz\AppData\Local\Programs\Python\Python39\Scripts\;C:\Users\nekoz\AppData\Local\Programs\Python\Python39\;C:\Users\nekoz\AppData\Local\Microsoft\WindowsApps;C:\Users\nekoz\AppData\Local\GitHubDesktop\bin;C:\Program Files\JetBrains\IntelliJ IDEA Community Edition 2021.1\bin;C:\Users\nekoz\AppData\Roaming\npm;C:\Users\nekoz\AppData\Local\Programs\Microsoft VS Code\bin;C:\Users\nekoz\AppData\Local\gitkraken\bin;C:\Users\nekoz\.dotnet\tools;C:\Program Files\Pylo\MCreator\jdk\bin
USERNAME=nekoz
OS=Windows_NT
PROCESSOR_IDENTIFIER=AMD64 Family 23 Model 1 Stepping 1, AuthenticAMD
TMP=C:\Users\nekoz\AppData\Local\Temp
TEMP=C:\Users\nekoz\AppData\Local\Temp



---------------  S Y S T E M  ---------------

OS:
 Windows 10 , 64 bit Build 19041 (10.0.19041.3570)
OS uptime: 8 days 16:59 hours

CPU: total 16 (initial active 16) (16 cores per cpu, 2 threads per core) family 23 model 1 stepping 1 microcode 0x0, cx8, cmov, fxsr, ht, mmx, 3dnowpref, sse, sse2, sse3, ssse3, sse4a, sse4.1, sse4.2, popcnt, lzcnt, tsc, tscinvbit, avx, avx2, aes, clmul, bmi1, bmi2, adx, sha, fma, vzeroupper, clflush, clflushopt

Memory: 4k page, system-wide physical 16314M (3690M free)
TotalPageFile size 40879M (AvailPageFile size 16740M)
current process WorkingSet (physical memory assigned to process): 564M, peak: 584M
current process commit charge ("private bytes"): 622M, peak: 642M

vm_info: OpenJDK 64-Bit Server VM (17.0.5+8) for windows-amd64 JRE (17.0.5+8), built on Oct 19 2022 04:48:13 by "temurin" with MS VC++ 16.7 (VS2019)

END.
